<?xml version="1.0" encoding="utf-8"?><testsuites name="pytest tests"><testsuite name="pytest" errors="0" failures="0" skipped="0" tests="17" time="3.628" timestamp="2026-05-23T10:34:29.389719+00:00" hostname="agent-env-0b57986a-023a-42cd-8f4e-c698d6d250e7"><testcase classname="tests.test_iteration38_hr_documents.TestDocumentTypes" name="test_list_doc_types" time="0.419" /><testcase classname="tests.test_iteration38_hr_documents.TestUploadValidation" name="test_unknown_doc_type_400" time="0.103" /><testcase classname="tests.test_iteration38_hr_documents.TestUploadValidation" name="test_unsupported_extension_400" time="0.089" /><testcase classname="tests.test_iteration38_hr_documents.TestUploadValidation" name="test_empty_file_400" time="0.047" /><testcase classname="tests.test_iteration38_hr_documents.TestUploadValidation" name="test_unknown_employee_404" time="0.049" /><testcase classname="tests.test_iteration38_hr_documents.TestUploadListScanDelete" name="test_list_shows_doc" time="0.335" /><testcase classname="tests.test_iteration38_hr_documents.TestUploadListScanDelete" name="test_scan_reaches_gemini" time="1.562" /><testcase classname="tests.test_iteration38_hr_documents.TestUploadListScanDelete" name="test_delete_softdeletes" time="0.093" /><testcase classname="tests.test_iteration38_hr_documents.TestEmployeeVerificationStatus" name="test_employees_have_pending_or_verified" time="0.045" /><testcase classname="tests.test_iteration38_hr_documents.TestRbac" name="test_supervisor_cannot_upload" time="0.401" /><testcase classname="tests.test_iteration38_hr_documents.TestRbac" name="test_supervisor_cannot_delete" time="0.052" /><testcase classname="tests.test_iteration38_hr_documents.TestRbac" name="test_supervisor_cannot_scan" time="0.046" /><testcase classname="tests.test_iteration38_hr_documents.TestBuildVerificationUnit" name="test_pan_perfect_match" time="0.300" /><testcase classname="tests.test_iteration38_hr_documents.TestBuildVerificationUnit" name="test_pan_mismatch" time="0.000" /><testcase classname="tests.test_iteration38_hr_documents.TestBuildVerificationUnit" name="test_aadhaar_with_dashes_normalises" time="0.000" /><testcase classname="tests.test_iteration38_hr_documents.TestBuildVerificationUnit" name="test_autofill_candidates_on_empty_employee" time="0.000" /><testcase classname="tests.test_iteration38_hr_documents.TestBuildVerificationUnit" name="test_bank_passbook_ifsc_match" time="0.002" /></testsuite></testsuites>