<?xml version="1.0" encoding="utf-8"?><testsuites name="pytest tests"><testsuite name="pytest" errors="0" failures="0" skipped="0" tests="26" time="4.859" timestamp="2026-05-29T17:25:55.558694+00:00" hostname="agent-env-0b57986a-023a-42cd-8f4e-c698d6d250e7"><testcase classname="backend.tests.test_iteration45_advances.TestAdvanceTypes" name="test_list_has_seeded_defaults" time="1.845" /><testcase classname="backend.tests.test_iteration45_advances.TestAdvanceTypes" name="test_create_rbac_blocks_non_privileged" time="0.055" /><testcase classname="backend.tests.test_iteration45_advances.TestAdvanceTypes" name="test_create_hr_allowed_and_duplicate_409" time="0.103" /><testcase classname="backend.tests.test_iteration45_advances.TestAdvanceTypes" name="test_update_and_delete_rbac" time="0.163" /><testcase classname="backend.tests.test_iteration45_advances.TestAdvanceCreate" name="test_create_on_behalf_by_hr" time="0.107" /><testcase classname="backend.tests.test_iteration45_advances.TestAdvanceCreate" name="test_create_violates_max_amount" time="0.049" /><testcase classname="backend.tests.test_iteration45_advances.TestAdvanceCreate" name="test_create_violates_max_installments" time="0.050" /><testcase classname="backend.tests.test_iteration45_advances.TestAdvanceCreate" name="test_unknown_type_400" time="0.051" /><testcase classname="backend.tests.test_iteration45_advances.TestAdvanceCreate" name="test_site_engineer_cannot_create_on_behalf" time="0.047" /><testcase classname="backend.tests.test_iteration45_advances.TestApprovalChain" name="test_chain_has_six_steps" time="0.053" /><testcase classname="backend.tests.test_iteration45_advances.TestApprovalChain" name="test_walk_all_six_steps_as_super_admin" time="0.870" /><testcase classname="backend.tests.test_iteration45_advances.TestPayment" name="test_payment_rbac_blocks_purchase_officer" time="0.052" /><testcase classname="backend.tests.test_iteration45_advances.TestPayment" name="test_payment_over_approved_400" time="0.048" /><testcase classname="backend.tests.test_iteration45_advances.TestPayment" name="test_full_payment_creates_journal_entry" time="0.159" /><testcase classname="backend.tests.test_iteration45_advances.TestPayment" name="test_payment_blocked_when_not_approved" time="0.052" /><testcase classname="backend.tests.test_iteration45_advances.TestListAndScope" name="test_list_filters_status_and_type" time="0.057" /><testcase classname="backend.tests.test_iteration45_advances.TestListAndScope" name="test_site_engineer_scope_limited" time="0.047" /><testcase classname="backend.tests.test_iteration45_advances.TestDashboard" name="test_summary_rbac" time="0.049" /><testcase classname="backend.tests.test_iteration45_advances.TestDashboard" name="test_summary_shape" time="0.051" /><testcase classname="backend.tests.test_iteration45_advances.TestAmendAndReject" name="test_create_second_for_amend" time="0.053" /><testcase classname="backend.tests.test_iteration45_advances.TestAmendAndReject" name="test_amend_by_non_approver_blocked" time="0.057" /><testcase classname="backend.tests.test_iteration45_advances.TestAmendAndReject" name="test_amend_by_super_admin_recomputes_emi" time="0.106" /><testcase classname="backend.tests.test_iteration45_advances.TestAmendAndReject" name="test_reject_path" time="0.406" /><testcase classname="backend.tests.test_iteration45_advances.TestUpdateDelete" name="test_update_blocked_when_paid" time="0.052" /><testcase classname="backend.tests.test_iteration45_advances.TestUpdateDelete" name="test_delete_paid_blocked" time="0.058" /><testcase classname="backend.tests.test_iteration45_advances.TestUpdateDelete" name="test_delete_rejected_allowed_with_rbac" time="0.111" /></testsuite></testsuites>