<?xml version="1.0" encoding="utf-8"?><testsuites name="pytest tests"><testsuite name="pytest" errors="0" failures="1" skipped="0" tests="17" time="3.130" timestamp="2026-05-20T10:49:10.103992+00:00" hostname="agent-env-0b57986a-023a-42cd-8f4e-c698d6d250e7"><testcase classname="backend.tests.test_iteration17_phase_d_reports.TestSalesReports" name="test_monthly" time="0.576" /><testcase classname="backend.tests.test_iteration17_phase_d_reports.TestSalesReports" name="test_by_client" time="0.050" /><testcase classname="backend.tests.test_iteration17_phase_d_reports.TestSalesReports" name="test_by_service" time="0.049" /><testcase classname="backend.tests.test_iteration17_phase_d_reports.TestSalesReports" name="test_won_lost" time="0.050" /><testcase classname="backend.tests.test_iteration17_phase_d_reports.TestSalesReports" name="test_deadline_tracker" time="0.048" /><testcase classname="backend.tests.test_iteration17_phase_d_reports.TestSalesReports" name="test_global_search_returns_buckets" time="0.060" /><testcase classname="backend.tests.test_iteration17_phase_d_reports.TestSalesReports" name="test_global_search_empty_q" time="0.049" /><testcase classname="backend.tests.test_iteration17_phase_d_reports.TestRBAC" name="test_sales_exec_can_read_monthly" time="0.382" /><testcase classname="backend.tests.test_iteration17_phase_d_reports.TestRBAC" name="test_sales_exec_can_read_by_client" time="0.047" /><testcase classname="backend.tests.test_iteration17_phase_d_reports.TestRBAC" name="test_sales_exec_can_read_won_lost" time="0.055" /><testcase classname="backend.tests.test_iteration17_phase_d_reports.TestRBAC" name="test_sales_exec_can_search" time="0.050" /><testcase classname="backend.tests.test_iteration17_phase_d_reports.TestRBAC" name="test_unrelated_role_denied" time="0.387"><failure message="AssertionError: expected denial, got 200 [{&quot;month&quot;:&quot;2026-05&quot;,&quot;total&quot;:3,&quot;won&quot;:3,&quot;lost&quot;:0,&quot;pipeline_value&quot;:3250000.0,&quot;won_value&quot;:3250000.0}]&#10;assert 200 in (401, 403)&#10; +  where 200 = &lt;Response [200]&gt;.status_code">backend/tests/test_iteration17_phase_d_reports.py:133: in test_unrelated_role_denied
    assert r.status_code in (401, 403), f"expected denial, got {r.status_code} {r.text[:200]}"
E   AssertionError: expected denial, got 200 [{"month":"2026-05","total":3,"won":3,"lost":0,"pipeline_value":3250000.0,"won_value":3250000.0}]
E   assert 200 in (401, 403)
E    +  where 200 = &lt;Response [200]&gt;.status_code</failure></testcase><testcase classname="backend.tests.test_iteration17_phase_d_reports.TestEnquiryNewSchemaAutoQuote" name="test_create_with_new_schema_creates_quote" time="0.086" /><testcase classname="backend.tests.test_iteration17_phase_d_reports.TestEnquiryNewSchemaAutoQuote" name="test_created_enquiry_appears_in_global_search" time="0.561" /><testcase classname="backend.tests.test_iteration17_phase_d_reports.TestEnquiryNewSchemaAutoQuote" name="test_invalid_rfq_type_rejected" time="0.048" /><testcase classname="backend.tests.test_iteration17_phase_d_reports.TestEnquiryNewSchemaAutoQuote" name="test_missing_customer_rejected" time="0.047" /><testcase classname="backend.tests.test_iteration17_phase_d_reports.TestEnquiryPulse" name="test_pulse_returns_full_shape" time="0.476" /></testsuite></testsuites>