<?xml version="1.0" encoding="utf-8"?><testsuites name="pytest tests"><testsuite name="pytest" errors="0" failures="0" skipped="0" tests="20" time="22.581" timestamp="2026-05-26T12:35:07.208600+00:00" hostname="agent-env-0b57986a-023a-42cd-8f4e-c698d6d250e7"><testcase classname="backend.tests.test_iteration41_email_actions.TestEntityContext" name="test_quotation_context" time="0.405" /><testcase classname="backend.tests.test_iteration41_email_actions.TestEntityContext" name="test_purchase_order_context" time="0.047" /><testcase classname="backend.tests.test_iteration41_email_actions.TestEntityContext" name="test_rfq_context_uses_first_vendor" time="0.048" /><testcase classname="backend.tests.test_iteration41_email_actions.TestEntityContext" name="test_ra_bill_context" time="0.050" /><testcase classname="backend.tests.test_iteration41_email_actions.TestEntityContext" name="test_hr_letter_context_503_when_shared_not_configured" time="0.050" /><testcase classname="backend.tests.test_iteration41_email_actions.TestEntityContext" name="test_unknown_module_400" time="0.048" /><testcase classname="backend.tests.test_iteration41_email_actions.TestEntityContext" name="test_nonexistent_record_404" time="0.050" /><testcase classname="backend.tests.test_iteration41_email_actions.TestRBAC" name="test_vendor_403_entity_context" time="0.390" /><testcase classname="backend.tests.test_iteration41_email_actions.TestRBAC" name="test_vendor_403_ai_draft" time="0.047" /><testcase classname="backend.tests.test_iteration41_email_actions.TestRBAC" name="test_vendor_403_send_entity" time="0.049" /><testcase classname="backend.tests.test_iteration41_email_actions.TestScheduler" name="test_scheduler_status_has_email_retry" time="0.046" /><testcase classname="backend.tests.test_iteration41_email_actions.TestRetryFunction" name="test_retry_skips_auth_and_returns_dict" time="1.025" /><testcase classname="backend.tests.test_iteration41_email_actions.TestAiDraft" name="test_ai_draft_quotation_professional" time="13.007" /><testcase classname="backend.tests.test_iteration41_email_actions.TestAiDraft" name="test_ai_draft_friendly_tone" time="5.732" /><testcase classname="backend.tests.test_iteration41_email_actions.TestSendEntity" name="test_send_quotation" time="1.115" /><testcase classname="backend.tests.test_iteration41_email_actions.TestSendEntity" name="test_send_purchase_order" time="0.066" /><testcase classname="backend.tests.test_iteration41_email_actions.TestSendEntity" name="test_send_rfq" time="0.071" /><testcase classname="backend.tests.test_iteration41_email_actions.TestSendEntity" name="test_send_ra_bill" time="0.092" /><testcase classname="backend.tests.test_iteration41_email_actions.TestSendEntity" name="test_send_hr_letter_503_when_shared_not_configured" time="0.049" /><testcase classname="backend.tests.test_iteration41_email_actions.TestSendEntity" name="test_send_shared_override_503" time="0.051" /></testsuite></testsuites>