<?xml version="1.0" encoding="utf-8"?><testsuites name="pytest tests"><testsuite name="pytest" errors="0" failures="0" skipped="0" tests="24" time="24.680" timestamp="2026-05-28T16:58:31.651383+00:00" hostname="agent-env-0b57986a-023a-42cd-8f4e-c698d6d250e7"><testcase classname="backend.tests.test_iteration43_onedrive.TestRegression" name="test_auth_login" time="0.376" /><testcase classname="backend.tests.test_iteration43_onedrive.TestRegression" name="test_scheduler_status" time="0.446" /><testcase classname="backend.tests.test_iteration43_onedrive.TestOneDriveSettings" name="test_get_settings_super_admin" time="0.132" /><testcase classname="backend.tests.test_iteration43_onedrive.TestOneDriveSettings" name="test_get_settings_non_super_admin_403" time="0.476" /><testcase classname="backend.tests.test_iteration43_onedrive.TestOneDriveSettings" name="test_put_settings_save_and_mask" time="0.260" /><testcase classname="backend.tests.test_iteration43_onedrive.TestOneDriveSettings" name="test_put_settings_non_super_admin_403" time="0.139" /><testcase classname="backend.tests.test_iteration43_onedrive.TestOneDriveSettings" name="test_put_settings_blank_secret_keeps_existing" time="0.114" /><testcase classname="backend.tests.test_iteration43_onedrive.TestOneDriveConnection" name="test_test_connection_returns_ok_false_no_crash" time="0.846" /><testcase classname="backend.tests.test_iteration43_onedrive.TestOneDriveConnection" name="test_test_connection_non_super_admin_403" time="0.108" /><testcase classname="backend.tests.test_iteration43_onedrive.TestOneDriveQueue" name="test_upload_enqueues_into_queue" time="1.241" /><testcase classname="backend.tests.test_iteration43_onedrive.TestOneDriveQueue" name="test_queue_filter_by_status" time="0.118" /><testcase classname="backend.tests.test_iteration43_onedrive.TestOneDriveQueue" name="test_queue_rbac_403" time="0.213" /><testcase classname="backend.tests.test_iteration43_onedrive.TestOneDriveQueue" name="test_process_now_schedules" time="0.121" /><testcase classname="backend.tests.test_iteration43_onedrive.TestOneDriveQueue" name="test_process_now_rbac_403" time="0.524" /><testcase classname="backend.tests.test_iteration43_onedrive.TestOneDriveQueue" name="test_retry_flips_to_pending" time="1.071" /><testcase classname="backend.tests.test_iteration43_onedrive.TestOneDriveQueue" name="test_retry_rbac_403" time="0.777" /><testcase classname="backend.tests.test_iteration43_onedrive.TestMigrateHistorical" name="test_migrate_historical_enqueues_existing" time="5.590" /><testcase classname="backend.tests.test_iteration43_onedrive.TestMigrateHistorical" name="test_migrate_historical_idempotent" time="9.352" /><testcase classname="backend.tests.test_iteration43_onedrive.TestMigrateHistorical" name="test_migrate_historical_rbac_403" time="0.189" /><testcase classname="backend.tests.test_iteration43_onedrive.TestOneDriveBackups" name="test_list_backups" time="0.460" /><testcase classname="backend.tests.test_iteration43_onedrive.TestOneDriveBackups" name="test_backup_now_schedules" time="0.416" /><testcase classname="backend.tests.test_iteration43_onedrive.TestOneDriveBackups" name="test_backups_rbac_403" time="0.721" /><testcase classname="backend.tests.test_iteration43_onedrive.TestUnauthenticated" name="test_settings_no_auth" time="0.180" /><testcase classname="backend.tests.test_iteration43_onedrive.TestUnauthenticated" name="test_queue_no_auth" time="0.705" /></testsuite></testsuites>