<?xml version="1.0" encoding="utf-8"?><testsuites name="pytest tests"><testsuite name="pytest" errors="0" failures="0" skipped="0" tests="13" time="2.883" timestamp="2026-05-21T07:00:28.827013+00:00" hostname="agent-env-0b57986a-023a-42cd-8f4e-c698d6d250e7"><testcase classname="backend.tests.test_iteration19_phase_d_clients.TestClientOnboardingApproval" name="test_create_client_starts_pending_approval" time="0.610" /><testcase classname="backend.tests.test_iteration19_phase_d_clients.TestClientOnboardingApproval" name="test_super_admin_can_fast_track_active" time="0.096" /><testcase classname="backend.tests.test_iteration19_phase_d_clients.TestClientOnboardingApproval" name="test_approve_chain_three_times_flips_to_active" time="0.340" /><testcase classname="backend.tests.test_iteration19_phase_d_clients.TestClientOnboardingApproval" name="test_reject_sets_rejected_with_reason" time="0.142" /><testcase classname="backend.tests.test_iteration19_phase_d_clients.TestClientOnboardingApproval" name="test_resubmit_only_works_on_rejected" time="0.145" /><testcase classname="backend.tests.test_iteration19_phase_d_clients.TestClientOnboardingApproval" name="test_resubmit_creates_new_chain_and_clears_reason" time="0.222" /><testcase classname="backend.tests.test_iteration19_phase_d_clients.TestUploadsCategory" name="test_clients_folder_with_valid_category_PAN" time="0.262" /><testcase classname="backend.tests.test_iteration19_phase_d_clients.TestUploadsCategory" name="test_client_sites_folder_allowed_and_category_GST" time="0.213" /><testcase classname="backend.tests.test_iteration19_phase_d_clients.TestUploadsCategory" name="test_clients_folder_with_invalid_category_returns_400" time="0.043" /><testcase classname="backend.tests.test_iteration19_phase_d_clients.TestUploadsCategory" name="test_client_sites_folder_with_invalid_category_returns_400" time="0.044" /><testcase classname="backend.tests.test_iteration19_phase_d_clients.TestUploadsCategory" name="test_upload_without_category_still_allowed" time="0.241" /><testcase classname="backend.tests.test_iteration19_phase_d_clients.TestSitesMap" name="test_sites_map_returns_valid_only" time="0.231" /><testcase classname="backend.tests.test_iteration19_phase_d_clients.TestSitesMap" name="test_sites_map_excludes_out_of_range_and_empty" time="0.229" /></testsuite></testsuites>