<?xml version="1.0" encoding="utf-8"?><testsuites name="pytest tests"><testsuite name="pytest" errors="0" failures="0" skipped="0" tests="8" time="10.777" timestamp="2026-05-23T11:30:22.909164+00:00" hostname="agent-env-0b57986a-023a-42cd-8f4e-c698d6d250e7"><testcase classname="backend.tests.test_iteration39_scan_prefill.TestScanPrefillValidation" name="test_unknown_doc_type" time="0.589" /><testcase classname="backend.tests.test_iteration39_scan_prefill.TestScanPrefillValidation" name="test_unsupported_ext" time="0.048" /><testcase classname="backend.tests.test_iteration39_scan_prefill.TestScanPrefillValidation" name="test_empty_file" time="0.047" /><testcase classname="backend.tests.test_iteration39_scan_prefill.TestScanPrefillValidation" name="test_supervisor_forbidden" time="0.483" /><testcase classname="backend.tests.test_iteration39_scan_prefill.TestScanPrefillHappy" name="test_pan_extracts_fields" time="8.090" /><testcase classname="backend.tests.test_iteration39_scan_prefill.TestUploadWithPrescan" name="test_upload_with_prescan_skips_gemini" time="0.424" /><testcase classname="backend.tests.test_iteration39_scan_prefill.TestUploadWithPrescan" name="test_upload_no_prescan_keeps_not_scanned" time="0.265" /><testcase classname="backend.tests.test_iteration39_scan_prefill.TestUploadWithPrescan" name="test_three_kyc_prescanned_flips_verification_status" time="0.740" /></testsuite></testsuites>