<?xml version="1.0" encoding="utf-8"?><testsuites name="pytest tests"><testsuite name="pytest" errors="0" failures="0" skipped="7" tests="81" time="20.309" timestamp="2026-05-19T12:24:59.925236+00:00" hostname="agent-env-0b57986a-023a-42cd-8f4e-c698d6d250e7"><testcase classname="backend.tests.test_phase_a_admin.TestLoginActivity" name="test_login_writes_login_activity_and_audit" time="1.407" /><testcase classname="backend.tests.test_phase_a_admin.TestApprovalMatrix" name="test_list_returns_six_defaults" time="0.123" /><testcase classname="backend.tests.test_phase_a_admin.TestApprovalMatrix" name="test_override_then_reset" time="0.220" /><testcase classname="backend.tests.test_phase_a_admin.TestApprovalMatrix" name="test_unknown_role_rejected" time="0.051" /><testcase classname="backend.tests.test_phase_a_admin.TestApprovalMatrix" name="test_create_approval_uses_overridden_chain" time="0.224" /><testcase classname="backend.tests.test_phase_a_admin.TestDropdowns" name="test_create_list_filter_update_delete" time="0.346" /><testcase classname="backend.tests.test_phase_a_admin.TestDepartments" name="test_super_admin_can_create_and_audit_logged" time="0.270" /><testcase classname="backend.tests.test_phase_a_admin.TestRBAC" name="test_site_engineer_forbidden" time="0.621" /><testcase classname="backend.tests.test_phase_a_admin.TestRBAC" name="test_categories_read_open_to_authenticated" time="0.142" /><testcase classname="backend.tests.test_phase_a_admin.TestAuditFilters" name="test_filter_by_resource_and_action" time="0.226" /><testcase classname="backend.tests.test_phase_a_admin.TestRegression" name="test_clients_crud_still_works" time="0.226" /><testcase classname="backend.tests.test_phase_a_admin.TestRegression" name="test_approval_action_after_async_build_chain" time="0.163" /><testcase classname="backend.tests.test_phase_b_sales.TestRegressionPhaseA" name="test_auth_me" time="0.427" /><testcase classname="backend.tests.test_phase_b_sales.TestRegressionPhaseA" name="test_dashboard_stats" time="0.077" /><testcase classname="backend.tests.test_phase_b_sales.TestRegressionPhaseA" name="test_admin_approval_matrix" time="0.072" /><testcase classname="backend.tests.test_phase_b_sales.TestEnquiryCreate" name="test_create_enquiry_auto_number" time="0.070" /><testcase classname="backend.tests.test_phase_b_sales.TestEnquiryCreate" name="test_create_second_enquiry_sequence_increments" time="0.070" /><testcase classname="backend.tests.test_phase_b_sales.TestEnquiryCreate" name="test_invalid_service_type_400" time="0.069" /><testcase classname="backend.tests.test_phase_b_sales.TestEnquiryStatusTransitions" name="test_open_to_under_review_allowed" time="0.071" /><testcase classname="backend.tests.test_phase_b_sales.TestEnquiryStatusTransitions" name="test_under_review_to_open_forbidden" time="0.069" /><testcase classname="backend.tests.test_phase_b_sales.TestEnquiryStatusTransitions" name="test_invalid_status_value_400" time="0.068" /><testcase classname="backend.tests.test_phase_b_sales.TestEnquiryStatusTransitions" name="test_chain_to_won" time="0.297" /><testcase classname="backend.tests.test_phase_b_sales.TestEnquiryStatusTransitions" name="test_won_to_anything_forbidden" time="0.068" /><testcase classname="backend.tests.test_phase_b_sales.TestEnquiryStatusTransitions" name="test_lost_terminal" time="0.285" /><testcase classname="backend.tests.test_phase_b_sales.TestEnquiryConvert" name="test_convert_requires_won" time="0.069" /><testcase classname="backend.tests.test_phase_b_sales.TestEnquiryConvert" name="test_convert_won_creates_order_and_project" time="0.142" /><testcase classname="backend.tests.test_phase_b_sales.TestEnquiryConvert" name="test_double_convert_returns_409" time="0.069" /><testcase classname="backend.tests.test_phase_b_sales.TestOrders" name="test_list_orders_includes_converted" time="0.071" /><testcase classname="backend.tests.test_phase_b_sales.TestQuotationRevisions" name="test_create_quotation_then_revise" time="0.231" /><testcase classname="backend.tests.test_phase_b_sales.TestQuotationRevisions" name="test_list_revisions_sorted_asc" time="0.069" /><testcase classname="backend.tests.test_phase_b_sales.TestQuotationRevisions" name="test_revise_unknown_id_404" time="0.068" /><testcase classname="backend.tests.test_phase_cdef.TestPhaseCStore" name="test_inward_increases_qty_and_returns_balance" time="0.644" /><testcase classname="backend.tests.test_phase_cdef.TestPhaseCStore" name="test_outward_above_threshold_creates_approval" time="0.232" /><testcase classname="backend.tests.test_phase_cdef.TestPhaseCStore" name="test_overdraft_returns_400" time="0.078" /><testcase classname="backend.tests.test_phase_cdef.TestPhaseCStore" name="test_scrap_below_threshold_decrements" time="0.233" /><testcase classname="backend.tests.test_phase_cdef.TestPhaseCStore" name="test_lookup_by_sku_and_barcode_and_id" time="0.317" /><testcase classname="backend.tests.test_phase_cdef.TestPhaseCStore" name="test_list_filters" time="0.078" /><testcase classname="backend.tests.test_phase_cdef.TestPhaseDSafety" name="test_crud_super_admin[ppe-issuance-payload0]" time="0.323" /><testcase classname="backend.tests.test_phase_cdef.TestPhaseDSafety" name="test_crud_super_admin[ptws-payload1]" time="0.323" /><testcase classname="backend.tests.test_phase_cdef.TestPhaseDSafety" name="test_crud_super_admin[safety-trainings-payload2]" time="0.307" /><testcase classname="backend.tests.test_phase_cdef.TestPhaseDSafety" name="test_crud_super_admin[toolbox-talks-payload3]" time="0.311" /><testcase classname="backend.tests.test_phase_cdef.TestPhaseDSafety" name="test_site_engineer_can_read_but_not_delete[ppe-issuance-payload0]" time="0.631" /><testcase classname="backend.tests.test_phase_cdef.TestPhaseDSafety" name="test_site_engineer_can_read_but_not_delete[ptws-payload1]" time="0.269" /><testcase classname="backend.tests.test_phase_cdef.TestPhaseDSafety" name="test_site_engineer_can_read_but_not_delete[safety-trainings-payload2]" time="0.280" /><testcase classname="backend.tests.test_phase_cdef.TestPhaseDSafety" name="test_site_engineer_can_read_but_not_delete[toolbox-talks-payload3]" time="0.263" /><testcase classname="backend.tests.test_phase_cdef" name="test_phase_e_admin_crud[recruitment-requests-payload0]" time="0.328" /><testcase classname="backend.tests.test_phase_cdef" name="test_phase_e_admin_crud[candidates-payload1]" time="0.339" /><testcase classname="backend.tests.test_phase_cdef" name="test_phase_e_admin_crud[deployments-payload2]" time="0.318" /><testcase classname="backend.tests.test_phase_cdef" name="test_phase_e_admin_crud[accommodations-payload3]" time="0.314" /><testcase classname="backend.tests.test_phase_cdef" name="test_phase_e_admin_crud[overtime-payload4]" time="0.323" /><testcase classname="backend.tests.test_phase_cdef" name="test_candidates_restricted_for_site_engineer" time="0.049" /><testcase classname="backend.tests.test_phase_cdef" name="test_recruitment_requests_readable_by_site_engineer" time="0.047" /><testcase classname="backend.tests.test_phase_cdef.TestPhaseFVendor" name="test_me_without_vendor_link_404" time="0.077" /><testcase classname="backend.tests.test_phase_cdef.TestPhaseFVendor" name="test_evaluation_rolling_average" time="0.396" /><testcase classname="backend.tests.test_phase_cdef.TestPhaseFVendor" name="test_evaluation_rbac_site_engineer_forbidden" time="0.203" /><testcase classname="backend.tests.test_phase_cdef.TestPhaseFVendor" name="test_invoice_submit_for_linked_admin_uses_vendor_id" time="0.078" /><testcase classname="backend.tests.test_phase_cdef" name="test_regression_auth_me" time="0.079" /><testcase classname="backend.tests.test_phase_cdef" name="test_regression_dashboard_summary" time="0.089" /><testcase classname="backend.tests.test_phase_cdef" name="test_regression_enquiries_list" time="0.074" /><testcase classname="backend.tests.test_phase_cdef" name="test_regression_orders_list" time="0.084" /><testcase classname="backend.tests.test_iteration10_pwa_expiry.TestExpiryScan" name="test_returns_new_nested_shape" time="1.541" /><testcase classname="backend.tests.test_iteration10_pwa_expiry.TestExpiryScan" name="test_flags_expired_and_within_30_days" time="0.800" /><testcase classname="backend.tests.test_iteration10_pwa_expiry.TestExpiryScan" name="test_far_future_not_flagged_as_due" time="0.935" /><testcase classname="backend.tests.test_iteration10_pwa_expiry.TestExpiryScan" name="test_dispatch_recipients_count" time="0.805" /><testcase classname="backend.tests.test_iteration10_pwa_expiry.TestExpiryScan" name="test_rbac_non_admin_forbidden" time="0.441" /><testcase classname="backend.tests.test_iteration10_pwa_expiry.TestScheduler" name="test_scheduler_status_has_both_jobs" time="0.079" /><testcase classname="backend.tests.test_iteration10_pwa_expiry.TestPWAStatic" name="test_manifest_json" time="0.135" /><testcase classname="backend.tests.test_iteration10_pwa_expiry.TestPWAStatic" name="test_service_worker_js" time="0.119" /><testcase classname="backend.tests.test_iteration10_pwa_expiry.TestPWAStatic" name="test_api_routing_not_intercepted_by_sw" time="0.308" /><testcase classname="backend.tests.test_iteration11_pulse.TestOperationsPulseShape" name="test_unauthenticated_rejected" time="0.188" /><testcase classname="backend.tests.test_iteration11_pulse.TestOperationsPulseShape" name="test_admin_returns_pulse" time="0.393" /><testcase classname="backend.tests.test_iteration11_pulse.TestOperationsPulseShape" name="test_card_keys_and_shape" time="0.055" /><testcase classname="backend.tests.test_iteration11_pulse.TestOperationsPulseShape" name="test_site_engineer_can_access" time="0.376" /><testcase classname="backend.tests.test_iteration11_pulse.TestOperationsPulseSemantics" name="test_pending_approvals_count" time="0.000"><skipped type="pytest.skip" message="MONGO_URL / DB_NAME not set in env — semantic checks skipped">/app/backend/tests/test_iteration11_pulse.py:114: MONGO_URL / DB_NAME not set in env — semantic checks skipped</skipped></testcase><testcase classname="backend.tests.test_iteration11_pulse.TestOperationsPulseSemantics" name="test_material_issue_holds_count" time="0.000"><skipped type="pytest.skip" message="MONGO_URL / DB_NAME not set in env — semantic checks skipped">/app/backend/tests/test_iteration11_pulse.py:119: MONGO_URL / DB_NAME not set in env — semantic checks skipped</skipped></testcase><testcase classname="backend.tests.test_iteration11_pulse.TestOperationsPulseSemantics" name="test_open_ptws_count" time="0.000"><skipped type="pytest.skip" message="MONGO_URL / DB_NAME not set in env — semantic checks skipped">/app/backend/tests/test_iteration11_pulse.py:124: MONGO_URL / DB_NAME not set in env — semantic checks skipped</skipped></testcase><testcase classname="backend.tests.test_iteration11_pulse.TestOperationsPulseSemantics" name="test_low_stock_count" time="0.000"><skipped type="pytest.skip" message="MONGO_URL / DB_NAME not set in env — semantic checks skipped">/app/backend/tests/test_iteration11_pulse.py:129: MONGO_URL / DB_NAME not set in env — semantic checks skipped</skipped></testcase><testcase classname="backend.tests.test_iteration11_pulse.TestOperationsPulseSemantics" name="test_ppe_due_count" time="0.000"><skipped type="pytest.skip" message="MONGO_URL / DB_NAME not set in env — semantic checks skipped">/app/backend/tests/test_iteration11_pulse.py:134: MONGO_URL / DB_NAME not set in env — semantic checks skipped</skipped></testcase><testcase classname="backend.tests.test_iteration11_pulse.TestOperationsPulseSemantics" name="test_open_enquiries_count" time="0.000"><skipped type="pytest.skip" message="MONGO_URL / DB_NAME not set in env — semantic checks skipped">/app/backend/tests/test_iteration11_pulse.py:140: MONGO_URL / DB_NAME not set in env — semantic checks skipped</skipped></testcase><testcase classname="backend.tests.test_iteration11_pulse.TestOperationsPulseSemantics" name="test_open_safety_count" time="0.000"><skipped type="pytest.skip" message="MONGO_URL / DB_NAME not set in env — semantic checks skipped">/app/backend/tests/test_iteration11_pulse.py:147: MONGO_URL / DB_NAME not set in env — semantic checks skipped</skipped></testcase><testcase classname="backend.tests.test_iteration11_pulse.TestOperationsPulseSemantics" name="test_deeplinks_match_spec" time="0.488" /></testsuite></testsuites>