<?xml version="1.0" encoding="utf-8"?><testsuites name="pytest tests"><testsuite name="pytest" errors="0" failures="0" skipped="0" tests="37" time="3.754" timestamp="2026-05-20T09:05:00.333988+00:00" hostname="agent-env-0b57986a-023a-42cd-8f4e-c698d6d250e7"><testcase classname="backend.tests.test_iteration16_clients.TestCustomerCodeFormat" name="test_get_default_format" time="0.517" /><testcase classname="backend.tests.test_iteration16_clients.TestCustomerCodeFormat" name="test_put_rejects_empty_prefix" time="0.052" /><testcase classname="backend.tests.test_iteration16_clients.TestCustomerCodeFormat" name="test_put_rejects_long_prefix" time="0.061" /><testcase classname="backend.tests.test_iteration16_clients.TestCustomerCodeFormat" name="test_put_rejects_bad_padding" time="0.115" /><testcase classname="backend.tests.test_iteration16_clients.TestCustomerCodeFormat" name="test_sales_executive_cannot_update_format" time="0.465" /><testcase classname="backend.tests.test_iteration16_clients.TestCustomerCodeFormat" name="test_format_applies_to_new_client" time="0.292" /><testcase classname="backend.tests.test_iteration16_clients.TestClientsCRUD" name="test_create_client_auto_code" time="0.063" /><testcase classname="backend.tests.test_iteration16_clients.TestClientsCRUD" name="test_duplicate_name_blocked" time="0.058" /><testcase classname="backend.tests.test_iteration16_clients.TestClientsCRUD" name="test_duplicate_name_case_insensitive" time="0.058" /><testcase classname="backend.tests.test_iteration16_clients.TestClientsCRUD" name="test_list_clients" time="0.061" /><testcase classname="backend.tests.test_iteration16_clients.TestSites" name="test_create_first_site_suffix_01" time="0.062" /><testcase classname="backend.tests.test_iteration16_clients.TestSites" name="test_create_second_site_suffix_02" time="0.078" /><testcase classname="backend.tests.test_iteration16_clients.TestSites" name="test_duplicate_gst_blocked" time="0.057" /><testcase classname="backend.tests.test_iteration16_clients.TestSites" name="test_update_site_blocks_dup_gst" time="0.058" /><testcase classname="backend.tests.test_iteration16_clients.TestSites" name="test_update_site_cannot_change_code" time="0.062" /><testcase classname="backend.tests.test_iteration16_clients.TestSites" name="test_list_sites_by_client" time="0.055" /><testcase classname="backend.tests.test_iteration16_clients.TestContacts" name="test_create_contact_valid_dept" time="0.057" /><testcase classname="backend.tests.test_iteration16_clients.TestContacts" name="test_create_contact_unknown_dept" time="0.054" /><testcase classname="backend.tests.test_iteration16_clients.TestTreeAndSearch" name="test_clients_tree_nested" time="0.094" /><testcase classname="backend.tests.test_iteration16_clients.TestTreeAndSearch" name="test_search_by_gst" time="0.054" /><testcase classname="backend.tests.test_iteration16_clients.TestTreeAndSearch" name="test_search_by_mobile" time="0.057" /><testcase classname="backend.tests.test_iteration16_clients.TestReports" name="test_report_endpoint[/clients/reports/by-client]" time="0.054" /><testcase classname="backend.tests.test_iteration16_clients.TestReports" name="test_report_endpoint[/clients/reports/by-site]" time="0.054" /><testcase classname="backend.tests.test_iteration16_clients.TestReports" name="test_report_endpoint[/clients/reports/by-gst]" time="0.061" /><testcase classname="backend.tests.test_iteration16_clients.TestReports" name="test_report_endpoint[/clients/reports/outstanding-by-site]" time="0.056" /><testcase classname="backend.tests.test_iteration16_clients.TestReports" name="test_report_endpoint[/clients/reports/by-location]" time="0.061" /><testcase classname="backend.tests.test_iteration16_clients.TestReports" name="test_report_endpoint[/clients/reports/contact-directory]" time="0.062" /><testcase classname="backend.tests.test_iteration16_clients.TestReports" name="test_report_endpoint[/clients/reports/activity-history]" time="0.054" /><testcase classname="backend.tests.test_iteration16_clients.TestReports" name="test_contact_directory_enriched" time="0.052" /><testcase classname="backend.tests.test_iteration16_clients.TestSalesExecRBAC" name="test_sales_can_read_clients" time="0.047" /><testcase classname="backend.tests.test_iteration16_clients.TestSalesExecRBAC" name="test_sales_can_write_clients" time="0.048" /><testcase classname="backend.tests.test_iteration16_clients.TestSalesExecRBAC" name="test_sales_cannot_delete_clients" time="0.049" /><testcase classname="backend.tests.test_iteration16_clients.TestSalesExecRBAC" name="test_admin_cleanup" time="0.053" /><testcase classname="backend.tests.test_iteration16_clients.TestRegression" name="test_pm_login" time="0.391" /><testcase classname="backend.tests.test_iteration16_clients.TestRegression" name="test_quotations_list" time="0.058" /><testcase classname="backend.tests.test_iteration16_clients.TestRegression" name="test_projects_list" time="0.058" /><testcase classname="backend.tests.test_iteration16_clients" name="test_zz_cleanup" time="0.058" /></testsuite></testsuites>