<?xml version="1.0" encoding="utf-8"?><testsuites name="pytest tests"><testsuite name="pytest" errors="0" failures="0" skipped="0" tests="27" time="5.626" timestamp="2026-05-21T13:36:15.922657+00:00" hostname="agent-env-0b57986a-023a-42cd-8f4e-c698d6d250e7"><testcase classname="backend.tests.test_iteration30_user_mgmt_role_register.TestAdminUsersList" name="test_admin_can_list" time="0.428" /><testcase classname="backend.tests.test_iteration30_user_mgmt_role_register.TestAdminUsersList" name="test_hr_can_read" time="0.540" /><testcase classname="backend.tests.test_iteration30_user_mgmt_role_register.TestAdminUsersList" name="test_sales_403" time="0.398" /><testcase classname="backend.tests.test_iteration30_user_mgmt_role_register.TestUserCreate" name="test_new_user_can_login" time="0.600" /><testcase classname="backend.tests.test_iteration30_user_mgmt_role_register.TestUserCreate" name="test_duplicate_email_400" time="0.048" /><testcase classname="backend.tests.test_iteration30_user_mgmt_role_register.TestUserCreate" name="test_weak_password_400" time="0.052" /><testcase classname="backend.tests.test_iteration30_user_mgmt_role_register.TestUserCreate" name="test_bad_role_400" time="0.051" /><testcase classname="backend.tests.test_iteration30_user_mgmt_role_register.TestUserUpdate" name="test_update_name_role" time="0.112" /><testcase classname="backend.tests.test_iteration30_user_mgmt_role_register.TestUserUpdate" name="test_cannot_demote_only_super_admin" time="0.104" /><testcase classname="backend.tests.test_iteration30_user_mgmt_role_register.TestUserUpdate" name="test_cannot_deactivate_only_super_admin" time="0.098" /><testcase classname="backend.tests.test_iteration30_user_mgmt_role_register.TestResetPassword" name="test_old_password_invalid_after_reset" time="1.045" /><testcase classname="backend.tests.test_iteration30_user_mgmt_role_register.TestResetPassword" name="test_reset_weak_rejected" time="0.097" /><testcase classname="backend.tests.test_iteration30_user_mgmt_role_register.TestToggleActive" name="test_toggle_then_inactive_login_403" time="0.444" /><testcase classname="backend.tests.test_iteration30_user_mgmt_role_register.TestDeleteUser" name="test_cannot_delete_self" time="0.097" /><testcase classname="backend.tests.test_iteration30_user_mgmt_role_register.TestDeleteUser" name="test_cannot_delete_only_super_admin" time="0.102" /><testcase classname="backend.tests.test_iteration30_user_mgmt_role_register.TestLastLogin" name="test_last_login_stamped" time="0.428" /><testcase classname="backend.tests.test_iteration30_user_mgmt_role_register.TestRoleRegisterRead" name="test_admin_get" time="0.060" /><testcase classname="backend.tests.test_iteration30_user_mgmt_role_register.TestRoleRegisterRead" name="test_sales_403" time="0.054" /><testcase classname="backend.tests.test_iteration30_user_mgmt_role_register.TestRoleRegisterUpdate" name="test_unknown_resource_400" time="0.047" /><testcase classname="backend.tests.test_iteration30_user_mgmt_role_register.TestRoleRegisterUpdate" name="test_unknown_action_400" time="0.046" /><testcase classname="backend.tests.test_iteration30_user_mgmt_role_register.TestRoleRegisterUpdate" name="test_unknown_role_400" time="0.048" /><testcase classname="backend.tests.test_iteration30_user_mgmt_role_register.TestRoleRegisterUpdate" name="test_override_applies_immediately" time="0.325" /><testcase classname="backend.tests.test_iteration30_user_mgmt_role_register.TestRoleRegisterUpdate" name="test_reset_clears" time="0.047" /><testcase classname="backend.tests.test_iteration30_user_mgmt_role_register.TestRegression" name="test_dropdowns" time="0.047" /><testcase classname="backend.tests.test_iteration30_user_mgmt_role_register.TestRegression" name="test_approval_matrix" time="0.049" /><testcase classname="backend.tests.test_iteration30_user_mgmt_role_register.TestRegression" name="test_audit_logs" time="0.051" /><testcase classname="backend.tests.test_iteration30_user_mgmt_role_register.TestRegression" name="test_login_activity" time="0.099" /></testsuite></testsuites>