<?xml version="1.0" encoding="utf-8"?><testsuites name="pytest tests"><testsuite name="pytest" errors="0" failures="0" skipped="0" tests="9" time="7.527" timestamp="2026-05-19T11:05:59.158783+00:00" hostname="agent-env-0b57986a-023a-42cd-8f4e-c698d6d250e7"><testcase classname="backend.tests.test_iteration10_pwa_expiry.TestExpiryScan" name="test_returns_new_nested_shape" time="1.491" /><testcase classname="backend.tests.test_iteration10_pwa_expiry.TestExpiryScan" name="test_flags_expired_and_within_30_days" time="2.376" /><testcase classname="backend.tests.test_iteration10_pwa_expiry.TestExpiryScan" name="test_far_future_not_flagged_as_due" time="2.165" /><testcase classname="backend.tests.test_iteration10_pwa_expiry.TestExpiryScan" name="test_dispatch_recipients_count" time="0.808" /><testcase classname="backend.tests.test_iteration10_pwa_expiry.TestExpiryScan" name="test_rbac_non_admin_forbidden" time="0.123" /><testcase classname="backend.tests.test_iteration10_pwa_expiry.TestScheduler" name="test_scheduler_status_has_both_jobs" time="0.057" /><testcase classname="backend.tests.test_iteration10_pwa_expiry.TestPWAStatic" name="test_manifest_json" time="0.128" /><testcase classname="backend.tests.test_iteration10_pwa_expiry.TestPWAStatic" name="test_service_worker_js" time="0.107" /><testcase classname="backend.tests.test_iteration10_pwa_expiry.TestPWAStatic" name="test_api_routing_not_intercepted_by_sw" time="0.197" /></testsuite></testsuites>