<?xml version="1.0" encoding="utf-8"?><testsuites name="pytest tests"><testsuite name="pytest" errors="0" failures="0" skipped="0" tests="16" time="1.700" timestamp="2026-05-23T10:02:26.792451+00:00" hostname="agent-env-0b57986a-023a-42cd-8f4e-c698d6d250e7"><testcase classname="backend.tests.test_iter37_india_compliance.TestNegativeValidation" name="test_invalid_pan_rejected" time="0.544" /><testcase classname="backend.tests.test_iter37_india_compliance.TestNegativeValidation" name="test_invalid_aadhaar_checksum_rejected" time="0.049" /><testcase classname="backend.tests.test_iter37_india_compliance.TestNegativeValidation" name="test_invalid_aadhaar_format_rejected" time="0.048" /><testcase classname="backend.tests.test_iter37_india_compliance.TestNegativeValidation" name="test_invalid_ifsc_rejected" time="0.048" /><testcase classname="backend.tests.test_iter37_india_compliance.TestNegativeValidation" name="test_negative_daily_rate_rejected" time="0.049" /><testcase classname="backend.tests.test_iter37_india_compliance.TestNegativeValidation" name="test_contract_end_before_start_rejected" time="0.057" /><testcase classname="backend.tests.test_iter37_india_compliance.TestNegativeValidation" name="test_unknown_employment_type_rejected" time="0.052" /><testcase classname="backend.tests.test_iter37_india_compliance.TestNegativeValidation" name="test_invalid_uan_rejected" time="0.048" /><testcase classname="backend.tests.test_iter37_india_compliance.TestNegativeValidation" name="test_invalid_esic_rejected" time="0.048" /><testcase classname="backend.tests.test_iter37_india_compliance.TestPositiveValidation" name="test_valid_permanent_full_compliance" time="0.113" /><testcase classname="backend.tests.test_iter37_india_compliance.TestPositiveValidation" name="test_valid_daily_wages" time="0.048" /><testcase classname="backend.tests.test_iter37_india_compliance.TestPositiveValidation" name="test_valid_contractual" time="0.052" /><testcase classname="backend.tests.test_iter37_india_compliance.TestPositiveValidation" name="test_put_validation_runs" time="0.099" /><testcase classname="backend.tests.test_iter37_india_compliance.TestRegressionOtherResources" name="test_vendors_list" time="0.051" /><testcase classname="backend.tests.test_iter37_india_compliance.TestRegressionOtherResources" name="test_projects_list" time="0.050" /><testcase classname="backend.tests.test_iter37_india_compliance.TestRegressionOtherResources" name="test_employees_list" time="0.258" /></testsuite></testsuites>