<?xml version="1.0" encoding="utf-8"?><testsuites name="pytest tests"><testsuite name="pytest" errors="0" failures="1" skipped="0" tests="28" time="3.527" timestamp="2026-05-23T09:21:42.964889+00:00" hostname="agent-env-0b57986a-023a-42cd-8f4e-c698d6d250e7"><testcase classname="backend.tests.test_iteration36_hr_letters_exit.TestRefactorRegression" name="test_onboardings_list" time="0.558" /><testcase classname="backend.tests.test_iteration36_hr_letters_exit.TestRefactorRegression" name="test_onboarding_stages" time="0.046" /><testcase classname="backend.tests.test_iteration36_hr_letters_exit.TestRefactorRegression" name="test_leave_types" time="0.046" /><testcase classname="backend.tests.test_iteration36_hr_letters_exit.TestRefactorRegression" name="test_leave_calendar" time="0.048" /><testcase classname="backend.tests.test_iteration36_hr_letters_exit.TestRefactorRegression" name="test_dashboard" time="0.049" /><testcase classname="backend.tests.test_iteration36_hr_letters_exit.TestRefactorRegression" name="test_employees_listing" time="0.048" /><testcase classname="backend.tests.test_iteration36_hr_letters_exit.TestLettersPlaceholders" name="test_placeholders_5_groups" time="0.049" /><testcase classname="backend.tests.test_iteration36_hr_letters_exit.TestLetterTemplates" name="test_upload_happy" time="0.103" /><testcase classname="backend.tests.test_iteration36_hr_letters_exit.TestLetterTemplates" name="test_upload_invalid_extension" time="0.045" /><testcase classname="backend.tests.test_iteration36_hr_letters_exit.TestLetterTemplates" name="test_upload_unknown_kind" time="0.061" /><testcase classname="backend.tests.test_iteration36_hr_letters_exit.TestLetterTemplates" name="test_list_excludes_binary" time="0.046" /><testcase classname="backend.tests.test_iteration36_hr_letters_exit.TestLetterTemplates" name="test_download_returns_docx" time="0.069" /><testcase classname="backend.tests.test_iteration36_hr_letters_exit.TestLetterTemplates" name="test_render_letter_with_employee_name" time="0.198" /><testcase classname="backend.tests.test_iteration36_hr_letters_exit.TestLetterTemplates" name="test_render_supervisor_403" time="0.382" /><testcase classname="backend.tests.test_iteration36_hr_letters_exit.TestLetterTemplates" name="test_upload_supervisor_403" time="0.080" /><testcase classname="backend.tests.test_iteration36_hr_letters_exit.TestLetterTemplates" name="test_upload_relieving_template_for_finalise" time="0.090" /><testcase classname="backend.tests.test_iteration36_hr_letters_exit.TestLetterTemplates" name="test_delete_template_super_admin" time="0.122" /><testcase classname="backend.tests.test_iteration36_hr_letters_exit.TestExitFnf" name="test_clearance_items_8" time="0.281" /><testcase classname="backend.tests.test_iteration36_hr_letters_exit.TestExitFnf" name="test_create_exit_for_nonexistent" time="0.049" /><testcase classname="backend.tests.test_iteration36_hr_letters_exit.TestExitFnf" name="test_create_exit_happy" time="0.047" /><testcase classname="backend.tests.test_iteration36_hr_letters_exit.TestExitFnf" name="test_duplicate_open_exit_blocked" time="0.048" /><testcase classname="backend.tests.test_iteration36_hr_letters_exit.TestExitFnf" name="test_supervisor_cannot_approve_laptop" time="0.051" /><testcase classname="backend.tests.test_iteration36_hr_letters_exit.TestExitFnf" name="test_super_admin_approves_all" time="0.391" /><testcase classname="backend.tests.test_iteration36_hr_letters_exit.TestExitFnf" name="test_compute_fnf_math" time="0.051"><failure message="AssertionError: {'advances': 0.0, 'bonus_accrual': 0.0, 'computed_at': '2026-05-23T09:21:46.032942+00:00', 'computed_by': 'Super Admin', ...}&#10;assert 86538.46 &lt; 10&#10; +  where 86538.46 = abs((0.0 - 86538.46))">backend/tests/test_iteration36_hr_letters_exit.py:302: in test_compute_fnf_math
    assert abs(fnf["gratuity"] - 86538.46) &lt; 10, fnf
E   AssertionError: {'advances': 0.0, 'bonus_accrual': 0.0, 'computed_at': '2026-05-23T09:21:46.032942+00:00', 'computed_by': 'Super Admin', ...}
E   assert 86538.46 &lt; 10
E    +  where 86538.46 = abs((0.0 - 86538.46))</failure></testcase><testcase classname="backend.tests.test_iteration36_hr_letters_exit.TestExitFnf" name="test_override_fnf" time="0.048" /><testcase classname="backend.tests.test_iteration36_hr_letters_exit.TestExitFnf" name="test_finalise_and_relieving_letter" time="0.113" /><testcase classname="backend.tests.test_iteration36_hr_letters_exit.TestExitFnf" name="test_finalise_already_finalised" time="0.052" /><testcase classname="backend.tests.test_iteration36_hr_letters_exit.TestFinaliseGating" name="test_finalise_blocked_when_pending" time="0.198" /></testsuite></testsuites>