<?xml version="1.0" encoding="utf-8"?><testsuites name="pytest tests"><testsuite name="pytest" errors="0" failures="1" skipped="0" tests="10" time="0.980" timestamp="2026-05-19T08:54:52.100324+00:00" hostname="agent-env-0b57986a-023a-42cd-8f4e-c698d6d250e7"><testcase classname="backend.tests.test_erp_iteration6" name="test_auth_me" time="0.413" /><testcase classname="backend.tests.test_erp_iteration6" name="test_dashboard_summary_shape" time="0.050" /><testcase classname="backend.tests.test_erp_iteration6" name="test_list_endpoints[projects]" time="0.044" /><testcase classname="backend.tests.test_erp_iteration6" name="test_list_endpoints[vendors]" time="0.044" /><testcase classname="backend.tests.test_erp_iteration6" name="test_list_endpoints[clients]" time="0.044" /><testcase classname="backend.tests.test_erp_iteration6" name="test_list_endpoints[employees]" time="0.045" /><testcase classname="backend.tests.test_erp_iteration6" name="test_list_endpoints[assets]" time="0.042" /><testcase classname="backend.tests.test_erp_iteration6" name="test_list_endpoints[purchase-orders]" time="0.042" /><testcase classname="backend.tests.test_erp_iteration6" name="test_list_endpoints[quotations]" time="0.043" /><testcase classname="backend.tests.test_erp_iteration6" name="test_attachments_upload_and_list" time="0.126"><failure message="AssertionError: Upload failed: 400 {&quot;detail&quot;:&quot;folder must be 'documents' or 'safety'&quot;}&#10;assert 400 in (200, 201)&#10; +  where 400 = &lt;Response [400]&gt;.status_code">E   AssertionError: Upload failed: 400 {"detail":"folder must be 'documents' or 'safety'"}
    assert 400 in (200, 201)
     +  where 400 = &lt;Response [400]&gt;.status_code</failure></testcase></testsuite></testsuites>