<?xml version="1.0" encoding="utf-8"?><testsuites name="pytest tests"><testsuite name="pytest" errors="0" failures="0" skipped="0" tests="20" time="2.511" timestamp="2026-05-19T12:24:32.893069+00:00" hostname="agent-env-0b57986a-023a-42cd-8f4e-c698d6d250e7"><testcase classname="backend.tests.test_iteration12_departments.TestDepartmentsList" name="test_list_returns_9_slugs" time="0.558" /><testcase classname="backend.tests.test_iteration12_departments.TestDepartmentsList" name="test_each_dept_has_required_fields" time="0.062" /><testcase classname="backend.tests.test_iteration12_departments.TestDepartmentsList" name="test_non_super_admin_can_access" time="0.403" /><testcase classname="backend.tests.test_iteration12_departments.TestDepartmentDetail" name="test_sales_shape" time="0.067" /><testcase classname="backend.tests.test_iteration12_departments.TestDepartmentDetail" name="test_all_9_slugs_work[sales]" time="0.068" /><testcase classname="backend.tests.test_iteration12_departments.TestDepartmentDetail" name="test_all_9_slugs_work[projects]" time="0.064" /><testcase classname="backend.tests.test_iteration12_departments.TestDepartmentDetail" name="test_all_9_slugs_work[accounts]" time="0.061" /><testcase classname="backend.tests.test_iteration12_departments.TestDepartmentDetail" name="test_all_9_slugs_work[finance]" time="0.065" /><testcase classname="backend.tests.test_iteration12_departments.TestDepartmentDetail" name="test_all_9_slugs_work[store]" time="0.062" /><testcase classname="backend.tests.test_iteration12_departments.TestDepartmentDetail" name="test_all_9_slugs_work[safety]" time="0.059" /><testcase classname="backend.tests.test_iteration12_departments.TestDepartmentDetail" name="test_all_9_slugs_work[logistics]" time="0.060" /><testcase classname="backend.tests.test_iteration12_departments.TestDepartmentDetail" name="test_all_9_slugs_work[hr]" time="0.062" /><testcase classname="backend.tests.test_iteration12_departments.TestDepartmentDetail" name="test_all_9_slugs_work[procurement]" time="0.061" /><testcase classname="backend.tests.test_iteration12_departments.TestDepartmentDetail" name="test_unknown_slug_returns_404" time="0.081" /><testcase classname="backend.tests.test_iteration12_departments.TestDepartmentDetail" name="test_engineer_can_access_sales" time="0.064" /><testcase classname="backend.tests.test_iteration12_departments.TestAutoNumbering" name="test_ptw_auto_number" time="0.122" /><testcase classname="backend.tests.test_iteration12_departments.TestAutoNumbering" name="test_ptw_explicit_number_preserved" time="0.131" /><testcase classname="backend.tests.test_iteration12_departments.TestAutoNumbering" name="test_jv_auto_number" time="0.125" /><testcase classname="backend.tests.test_iteration12_departments.TestAutoNumbering" name="test_incident_auto_number" time="0.127" /><testcase classname="backend.tests.test_iteration12_departments.TestAutoNumbering" name="test_recruitment_auto_number" time="0.121" /></testsuite></testsuites>