<?xml version="1.0" encoding="utf-8"?><testsuites name="pytest tests"><testsuite name="pytest" errors="0" failures="0" skipped="0" tests="16" time="4.283" timestamp="2026-05-19T14:08:35.157697+00:00" hostname="agent-env-0b57986a-023a-42cd-8f4e-c698d6d250e7"><testcase classname="backend.tests.test_iteration14_phase3_allocation" name="test_approval_chains_include_phase3" time="0.450" /><testcase classname="backend.tests.test_iteration14_phase3_allocation" name="test_move_department_super_admin_immediate" time="0.214" /><testcase classname="backend.tests.test_iteration14_phase3_allocation" name="test_move_department_pm_creates_approval" time="0.617" /><testcase classname="backend.tests.test_iteration14_phase3_allocation" name="test_dept_move_final_approval_mutates_and_writes_history" time="0.273" /><testcase classname="backend.tests.test_iteration14_phase3_allocation" name="test_dept_move_rejection_leaves_employee_unchanged" time="0.281" /><testcase classname="backend.tests.test_iteration14_phase3_allocation" name="test_deployment_admin_immediate_active" time="0.210" /><testcase classname="backend.tests.test_iteration14_phase3_allocation" name="test_deployment_pm_creates_approval" time="0.505" /><testcase classname="backend.tests.test_iteration14_phase3_allocation" name="test_deployment_approval_activates_and_writes_history" time="0.337" /><testcase classname="backend.tests.test_iteration14_phase3_allocation" name="test_deployment_rejection_marks_withdrawn" time="0.715" /><testcase classname="backend.tests.test_iteration14_phase3_allocation" name="test_resource_utilization" time="0.064" /><testcase classname="backend.tests.test_iteration14_phase3_allocation" name="test_site_attendance" time="0.061" /><testcase classname="backend.tests.test_iteration14_phase3_allocation" name="test_transfer_history" time="0.131" /><testcase classname="backend.tests.test_iteration14_phase3_allocation" name="test_regression_idle_employees" time="0.062" /><testcase classname="backend.tests.test_iteration14_phase3_allocation" name="test_regression_by_department" time="0.065" /><testcase classname="backend.tests.test_iteration14_phase3_allocation" name="test_regression_by_project" time="0.061" /><testcase classname="backend.tests.test_iteration14_phase3_allocation" name="test_zzz_cleanup_stray_deployments" time="0.132" /></testsuite></testsuites>