<?xml version="1.0" encoding="utf-8"?><testsuites name="pytest tests"><testsuite name="pytest" errors="0" failures="0" skipped="0" tests="11" time="2.257" timestamp="2026-05-29T18:52:42.859105+00:00" hostname="agent-env-0b57986a-023a-42cd-8f4e-c698d6d250e7"><testcase classname="backend.tests.test_iteration49_payroll_extra" name="test_payroll_me_admin_returns_linked_false" time="0.582" /><testcase classname="backend.tests.test_iteration49_payroll_extra" name="test_get_payslip_round_trip" time="0.312" /><testcase classname="backend.tests.test_iteration49_payroll_extra" name="test_override_sets_advance_emi_to_zero" time="0.253" /><testcase classname="backend.tests.test_iteration49_payroll_extra" name="test_preview_without_skip_returns_preflight_failed" time="0.070" /><testcase classname="backend.tests.test_iteration49_payroll_extra" name="test_unauthenticated_master_returns_401" time="0.116" /><testcase classname="backend.tests.test_iteration49_payroll_extra" name="test_vendor_role_blocked_on_master_and_preview" time="0.492" /><testcase classname="backend.tests.test_iteration49_payroll_extra" name="test_regression_department_master_lists_core_depts" time="0.052" /><testcase classname="backend.tests.test_iteration49_payroll_extra" name="test_regression_dept_gov_payroll_check" time="0.057" /><testcase classname="backend.tests.test_iteration49_payroll_extra" name="test_regression_advances_list_has_dept_doc_no_or_empty" time="0.059" /><testcase classname="backend.tests.test_iteration49_payroll_extra" name="test_regression_dashboard_hr_has_payroll_tile" time="0.061" /><testcase classname="backend.tests.test_iteration49_payroll_extra" name="test_regression_store_tx_requires_pr_or_allocation" time="0.051" /></testsuite></testsuites>