<?xml version="1.0" encoding="utf-8"?><testsuites name="pytest tests"><testsuite name="pytest" errors="0" failures="0" skipped="0" tests="12" time="1.618" timestamp="2026-05-19T11:17:53.419527+00:00" hostname="agent-env-0b57986a-023a-42cd-8f4e-c698d6d250e7"><testcase classname="backend.tests.test_iteration11_pulse.TestOperationsPulseShape" name="test_unauthenticated_rejected" time="0.245" /><testcase classname="backend.tests.test_iteration11_pulse.TestOperationsPulseShape" name="test_admin_returns_pulse" time="0.414" /><testcase classname="backend.tests.test_iteration11_pulse.TestOperationsPulseShape" name="test_card_keys_and_shape" time="0.055" /><testcase classname="backend.tests.test_iteration11_pulse.TestOperationsPulseShape" name="test_site_engineer_can_access" time="0.388" /><testcase classname="backend.tests.test_iteration11_pulse.TestOperationsPulseSemantics" name="test_pending_approvals_count" time="0.059" /><testcase classname="backend.tests.test_iteration11_pulse.TestOperationsPulseSemantics" name="test_material_issue_holds_count" time="0.045" /><testcase classname="backend.tests.test_iteration11_pulse.TestOperationsPulseSemantics" name="test_open_ptws_count" time="0.048" /><testcase classname="backend.tests.test_iteration11_pulse.TestOperationsPulseSemantics" name="test_low_stock_count" time="0.047" /><testcase classname="backend.tests.test_iteration11_pulse.TestOperationsPulseSemantics" name="test_ppe_due_count" time="0.047" /><testcase classname="backend.tests.test_iteration11_pulse.TestOperationsPulseSemantics" name="test_open_enquiries_count" time="0.045" /><testcase classname="backend.tests.test_iteration11_pulse.TestOperationsPulseSemantics" name="test_open_safety_count" time="0.045" /><testcase classname="backend.tests.test_iteration11_pulse.TestOperationsPulseSemantics" name="test_deeplinks_match_spec" time="0.047" /></testsuite></testsuites>