<?xml version="1.0" encoding="utf-8"?><testsuites name="pytest tests"><testsuite name="pytest" errors="0" failures="0" skipped="1" tests="28" time="7.959" timestamp="2026-05-29T18:35:33.687088+00:00" hostname="agent-env-0b57986a-023a-42cd-8f4e-c698d6d250e7"><testcase classname="backend.tests.test_iteration48_dept_governance_phase2.TestStoreOutwardDependency" name="test_outward_without_link_rejected_400" time="1.690" /><testcase classname="backend.tests.test_iteration48_dept_governance_phase2.TestStoreOutwardDependency" name="test_outward_force_unlinked_super_admin_succeeds" time="0.216" /><testcase classname="backend.tests.test_iteration48_dept_governance_phase2.TestStoreOutwardDependency" name="test_outward_force_unlinked_non_admin_still_blocked" time="0.325" /><testcase classname="backend.tests.test_iteration48_dept_governance_phase2.TestStoreOutwardDependency" name="test_outward_with_nonapproved_pr_blocked" time="0.332" /><testcase classname="backend.tests.test_iteration48_dept_governance_phase2.TestStoreOutwardDependency" name="test_outward_with_approved_pr_succeeds" time="0.698"><skipped type="pytest.skip" message="no approved/issued PR in DB to test happy path">/app/backend/tests/test_iteration48_dept_governance_phase2.py:167: no approved/issued PR in DB to test happy path</skipped></testcase><testcase classname="backend.tests.test_iteration48_dept_governance_phase2.TestStoreOutwardDependency" name="test_non_outward_unaffected[inward]" time="0.224" /><testcase classname="backend.tests.test_iteration48_dept_governance_phase2.TestStoreOutwardDependency" name="test_non_outward_unaffected[transfer]" time="0.285" /><testcase classname="backend.tests.test_iteration48_dept_governance_phase2.TestStoreOutwardDependency" name="test_non_outward_unaffected[return]" time="0.256" /><testcase classname="backend.tests.test_iteration48_dept_governance_phase2.TestStoreOutwardDependency" name="test_non_outward_unaffected[scrap]" time="0.208" /><testcase classname="backend.tests.test_iteration48_dept_governance_phase2.TestVerifyAndPayInvoice" name="test_verify_403_for_purchase_officer" time="0.340" /><testcase classname="backend.tests.test_iteration48_dept_governance_phase2.TestVerifyAndPayInvoice" name="test_verify_404_unknown" time="0.108" /><testcase classname="backend.tests.test_iteration48_dept_governance_phase2.TestVerifyAndPayInvoice" name="test_pay_unverified_400" time="0.112" /><testcase classname="backend.tests.test_iteration48_dept_governance_phase2.TestVerifyAndPayInvoice" name="test_verify_succeeds_as_admin" time="0.106" /><testcase classname="backend.tests.test_iteration48_dept_governance_phase2.TestVerifyAndPayInvoice" name="test_payment_exceeding_amount_400" time="0.108" /><testcase classname="backend.tests.test_iteration48_dept_governance_phase2.TestVerifyAndPayInvoice" name="test_pay_verified_invoice_succeeds_and_flips_status" time="0.772" /><testcase classname="backend.tests.test_iteration48_dept_governance_phase2.TestPayrollAttendanceCheck" name="test_payroll_check_returns_structure" time="0.130" /><testcase classname="backend.tests.test_iteration48_dept_governance_phase2.TestPayrollAttendanceCheck" name="test_bad_month_400" time="0.106" /><testcase classname="backend.tests.test_iteration48_dept_governance_phase2.TestPayrollAttendanceCheck" name="test_pm_forbidden" time="0.108" /><testcase classname="backend.tests.test_iteration48_dept_governance_phase2.TestReports" name="test_handoff_delays_structure" time="0.139" /><testcase classname="backend.tests.test_iteration48_dept_governance_phase2.TestReports" name="test_dept_performance_structure" time="0.123" /><testcase classname="backend.tests.test_iteration48_dept_governance_phase2.TestReports" name="test_dept_manpower_structure" time="0.135" /><testcase classname="backend.tests.test_iteration48_dept_governance_phase2.TestAuditViewer" name="test_audit_by_dept_403_for_pm" time="0.106" /><testcase classname="backend.tests.test_iteration48_dept_governance_phase2.TestAuditViewer" name="test_audit_by_dept_filters_combine" time="0.344" /><testcase classname="backend.tests.test_iteration48_dept_governance_phase2.TestAuditViewer" name="test_audit_limit_capped_at_1000" time="0.226" /><testcase classname="backend.tests.test_iteration48_dept_governance_phase2.TestAuditViewer" name="test_audit_record_unknown_collection_400" time="0.111" /><testcase classname="backend.tests.test_iteration48_dept_governance_phase2.TestAuditViewer" name="test_audit_record_unknown_id_404" time="0.113" /><testcase classname="backend.tests.test_iteration48_dept_governance_phase2.TestAuditViewer" name="test_audit_record_timeline_returned" time="0.212" /><testcase classname="backend.tests.test_iteration48_dept_governance_phase2.TestRegressionIter47" name="test_advance_still_gets_hr_adv_prefix" time="0.224" /></testsuite></testsuites>