<?xml version="1.0" encoding="utf-8"?><testsuites name="pytest tests"><testsuite name="pytest" errors="0" failures="0" skipped="0" tests="16" time="3.826" timestamp="2026-05-19T13:51:56.874971+00:00" hostname="agent-env-0b57986a-023a-42cd-8f4e-c698d6d250e7"><testcase classname="backend.tests.test_iteration13_allocation.TestEmployeesMultiDept" name="test_create_employee_with_multi_dept" time="0.728" /><testcase classname="backend.tests.test_iteration13_allocation.TestEmployeesMultiDept" name="test_create_employee_with_single_dept_string" time="0.090" /><testcase classname="backend.tests.test_iteration13_allocation.TestEmployeesMultiDept" name="test_update_blocks_multi_when_not_approved" time="0.180" /><testcase classname="backend.tests.test_iteration13_allocation.TestMoveDepartment" name="test_move_requires_departments" time="0.319" /><testcase classname="backend.tests.test_iteration13_allocation.TestDeployments" name="test_create_deployment_autonumber_and_end_with_history" time="0.462" /><testcase classname="backend.tests.test_iteration13_allocation.TestAllocationReports" name="test_idle_employees" time="0.080" /><testcase classname="backend.tests.test_iteration13_allocation.TestAllocationReports" name="test_by_department" time="0.074" /><testcase classname="backend.tests.test_iteration13_allocation.TestAllocationReports" name="test_by_project" time="0.082" /><testcase classname="backend.tests.test_iteration13_allocation.TestAllocationReports" name="test_history_sorted_desc" time="0.077" /><testcase classname="backend.tests.test_iteration13_allocation.TestMeScope" name="test_admin_scope_global" time="0.079" /><testcase classname="backend.tests.test_iteration13_allocation.TestMeScope" name="test_engineer_scope_not_global" time="0.411" /><testcase classname="backend.tests.test_iteration13_allocation.TestProjectManpower" name="test_manpower_404_for_unknown" time="0.078" /><testcase classname="backend.tests.test_iteration13_allocation.TestProjectManpower" name="test_manpower_for_existing_project" time="0.154" /><testcase classname="backend.tests.test_iteration13_allocation.TestVisibility" name="test_engineer_deployments_scoped" time="0.256" /><testcase classname="backend.tests.test_iteration13_allocation.TestVisibility" name="test_engineer_safety_reports_scoped" time="0.160" /><testcase classname="backend.tests.test_iteration13_allocation" name="test_zzz_cleanup" time="0.498" /></testsuite></testsuites>