<?xml version="1.0" encoding="utf-8"?><testsuites name="pytest tests"><testsuite name="pytest" errors="0" failures="0" skipped="0" tests="13" time="2.789" timestamp="2026-05-21T13:59:40.564835+00:00" hostname="agent-env-0b57986a-023a-42cd-8f4e-c698d6d250e7"><testcase classname="backend.tests.test_iteration31_project_dashboard" name="test_list_projects_super_admin" time="0.435" /><testcase classname="backend.tests.test_iteration31_project_dashboard" name="test_list_projects_sales_forbidden" time="0.491" /><testcase classname="backend.tests.test_iteration31_project_dashboard" name="test_list_projects_unauth" time="0.109" /><testcase classname="backend.tests.test_iteration31_project_dashboard" name="test_dashboard_unknown_returns_404" time="0.048" /><testcase classname="backend.tests.test_iteration31_project_dashboard" name="test_dashboard_e2e_payload_shape" time="0.063" /><testcase classname="backend.tests.test_iteration31_project_dashboard" name="test_dashboard_e2e_has_nonzero_counts" time="0.065" /><testcase classname="backend.tests.test_iteration31_project_dashboard" name="test_financials_math_pcts" time="0.058" /><testcase classname="backend.tests.test_iteration31_project_dashboard" name="test_manpower_trend_30d_shape" time="0.060" /><testcase classname="backend.tests.test_iteration31_project_dashboard" name="test_recent_activity_shape" time="0.058" /><testcase classname="backend.tests.test_iteration31_project_dashboard" name="test_dashboard_sales_forbidden" time="0.060" /><testcase classname="backend.tests.test_iteration31_project_dashboard" name="test_dashboard_site_engineer_allowed" time="0.393" /><testcase classname="backend.tests.test_iteration31_project_dashboard" name="test_dashboard_supervisor_allowed" time="0.437" /><testcase classname="backend.tests.test_iteration31_project_dashboard" name="test_dashboard_depthead_allowed" time="0.428" /></testsuite></testsuites>