<?xml version="1.0" encoding="utf-8"?><testsuites name="pytest tests"><testsuite name="pytest" errors="0" failures="0" skipped="0" tests="34" time="4.601" timestamp="2026-05-18T11:01:26.973637+00:00" hostname="agent-env-0b57986a-023a-42cd-8f4e-c698d6d250e7"><testcase classname="backend.tests.test_erp_iteration4.TestScheduler" name="test_scheduler_status_running" time="0.522" /><testcase classname="backend.tests.test_erp_iteration4.TestAuth" name="test_login_me_permissions" time="0.099" /><testcase classname="backend.tests.test_erp_iteration4.TestAuth" name="test_users_list" time="0.050" /><testcase classname="backend.tests.test_erp_iteration4.TestAuth" name="test_register_requires_super_admin" time="0.713" /><testcase classname="backend.tests.test_erp_iteration4.TestRBAC" name="test_hr_cannot_access_journal_entries" time="0.052" /><testcase classname="backend.tests.test_erp_iteration4.TestRBAC" name="test_hr_can_access_employees" time="0.051" /><testcase classname="backend.tests.test_erp_iteration4" name="test_module_list_admin[clients]" time="0.069" /><testcase classname="backend.tests.test_erp_iteration4" name="test_module_list_admin[vendors]" time="0.051" /><testcase classname="backend.tests.test_erp_iteration4" name="test_module_list_admin[employees]" time="0.054" /><testcase classname="backend.tests.test_erp_iteration4" name="test_module_list_admin[attendance]" time="0.050" /><testcase classname="backend.tests.test_erp_iteration4" name="test_module_list_admin[projects]" time="0.048" /><testcase classname="backend.tests.test_erp_iteration4" name="test_module_list_admin[inventory]" time="0.048" /><testcase classname="backend.tests.test_erp_iteration4" name="test_module_list_admin[purchase-orders]" time="0.060" /><testcase classname="backend.tests.test_erp_iteration4" name="test_module_list_admin[quotations]" time="0.049" /><testcase classname="backend.tests.test_erp_iteration4" name="test_module_list_admin[journal-entries]" time="0.056" /><testcase classname="backend.tests.test_erp_iteration4" name="test_module_list_admin[safety-reports]" time="0.049" /><testcase classname="backend.tests.test_erp_iteration4" name="test_module_list_admin[assets]" time="0.049" /><testcase classname="backend.tests.test_erp_iteration4" name="test_module_list_admin[payroll]" time="0.059" /><testcase classname="backend.tests.test_erp_iteration4" name="test_module_list_admin[vehicles]" time="0.056" /><testcase classname="backend.tests.test_erp_iteration4" name="test_module_list_admin[documents]" time="0.057" /><testcase classname="backend.tests.test_erp_iteration4.TestDashboard" name="test_summary" time="0.054" /><testcase classname="backend.tests.test_erp_iteration4.TestApprovals" name="test_inbox_mine" time="0.049" /><testcase classname="backend.tests.test_erp_iteration4.TestApprovals" name="test_chains_config" time="0.051" /><testcase classname="backend.tests.test_erp_iteration4.TestApprovals" name="test_create_and_action" time="0.170" /><testcase classname="backend.tests.test_erp_iteration4.TestFiles" name="test_upload_list_download_delete" time="0.763" /><testcase classname="backend.tests.test_erp_iteration4.TestNotifications" name="test_email_status" time="0.051" /><testcase classname="backend.tests.test_erp_iteration4.TestNotifications" name="test_expiry_scan_admin" time="0.050" /><testcase classname="backend.tests.test_erp_iteration4.TestNotifications" name="test_invoice_reminders_admin" time="0.316" /><testcase classname="backend.tests.test_erp_iteration4.TestExports" name="test_export_xlsx[clients]" time="0.063" /><testcase classname="backend.tests.test_erp_iteration4.TestExports" name="test_export_xlsx[employees]" time="0.058" /><testcase classname="backend.tests.test_erp_iteration4.TestExports" name="test_export_xlsx[projects]" time="0.056" /><testcase classname="backend.tests.test_erp_iteration4.TestExports" name="test_export_pdf[clients]" time="0.055" /><testcase classname="backend.tests.test_erp_iteration4.TestExports" name="test_export_pdf[employees]" time="0.055" /><testcase classname="backend.tests.test_erp_iteration4.TestLogout" name="test_logout" time="0.462" /></testsuite></testsuites>