<?xml version="1.0" encoding="utf-8"?><testsuites name="pytest tests"><testsuite name="pytest" errors="0" failures="0" skipped="0" tests="17" time="2.718" timestamp="2026-05-23T08:44:41.050636+00:00" hostname="agent-env-0b57986a-023a-42cd-8f4e-c698d6d250e7"><testcase classname="backend.tests.test_iteration34_hr_module.TestOnboarding" name="test_stages_list" time="0.558" /><testcase classname="backend.tests.test_iteration34_hr_module.TestOnboarding" name="test_create_onboarding" time="0.047" /><testcase classname="backend.tests.test_iteration34_hr_module.TestOnboarding" name="test_advance_stage" time="0.096" /><testcase classname="backend.tests.test_iteration34_hr_module.TestOnboarding" name="test_rbac_supervisor_403" time="0.413" /><testcase classname="backend.tests.test_iteration34_hr_module.TestOnboarding" name="test_complete_triggers" time="0.326" /><testcase classname="backend.tests.test_iteration34_hr_module.TestOnboarding" name="test_complete_twice_400" time="0.046" /><testcase classname="backend.tests.test_iteration34_hr_module.TestEmployee360" name="test_360_payload" time="0.054" /><testcase classname="backend.tests.test_iteration34_hr_module.TestEmployee360" name="test_add_skill" time="0.095" /><testcase classname="backend.tests.test_iteration34_hr_module.TestEmployee360" name="test_missing_emp_404" time="0.045" /><testcase classname="backend.tests.test_iteration34_hr_module.TestEmployee360" name="test_add_cert_expiry_status" time="0.099" /><testcase classname="backend.tests.test_iteration34_hr_module.TestLeave" name="test_leave_types" time="0.046" /><testcase classname="backend.tests.test_iteration34_hr_module.TestLeave" name="test_over_apply_400" time="0.055" /><testcase classname="backend.tests.test_iteration34_hr_module.TestLeave" name="test_apply_approve_balance_deducts" time="0.222" /><testcase classname="backend.tests.test_iteration34_hr_module.TestLeave" name="test_cancel_restores_balance" time="0.141" /><testcase classname="backend.tests.test_iteration34_hr_module.TestLeave" name="test_calendar_filter" time="0.187" /><testcase classname="backend.tests.test_iteration34_hr_module.TestLeave" name="test_grant_balance" time="0.138" /><testcase classname="backend.tests.test_iteration34_hr_module.TestDashboard" name="test_dashboard" time="0.052" /></testsuite></testsuites>