<?xml version="1.0" encoding="utf-8"?><testsuites name="pytest tests"><testsuite name="pytest" errors="0" failures="0" skipped="0" tests="18" time="3.208" timestamp="2026-05-18T06:58:41.610646+00:00" hostname="agent-env-0b57986a-023a-42cd-8f4e-c698d6d250e7"><testcase classname="backend.tests.test_erp_iteration3.TestUploads" name="test_upload_requires_auth" time="0.281" /><testcase classname="backend.tests.test_erp_iteration3.TestUploads" name="test_upload_documents" time="0.492" /><testcase classname="backend.tests.test_erp_iteration3.TestUploads" name="test_upload_safety_image" time="0.170" /><testcase classname="backend.tests.test_erp_iteration3.TestUploads" name="test_upload_bad_folder" time="0.047" /><testcase classname="backend.tests.test_erp_iteration3.TestUploads" name="test_list_files_documents" time="0.046" /><testcase classname="backend.tests.test_erp_iteration3.TestUploads" name="test_list_files_safety" time="0.046" /><testcase classname="backend.tests.test_erp_iteration3.TestUploads" name="test_download_file_cookie_auth" time="0.139" /><testcase classname="backend.tests.test_erp_iteration3.TestUploads" name="test_download_file_query_auth" time="0.263" /><testcase classname="backend.tests.test_erp_iteration3.TestUploads" name="test_download_unknown_404" time="0.048" /><testcase classname="backend.tests.test_erp_iteration3.TestUploads" name="test_delete_soft_delete" time="0.141" /><testcase classname="backend.tests.test_erp_iteration3.TestMyInbox" name="test_inbox_super_admin" time="0.048" /><testcase classname="backend.tests.test_erp_iteration3.TestMyInbox" name="test_inbox_includes_newly_created" time="0.154" /><testcase classname="backend.tests.test_erp_iteration3.TestEmailNotifications" name="test_email_status_enabled" time="0.046" /><testcase classname="backend.tests.test_erp_iteration3.TestEmailNotifications" name="test_expiry_scan_admin_ok" time="0.049" /><testcase classname="backend.tests.test_erp_iteration3.TestEmailNotifications" name="test_expiry_scan_forbidden_for_hr" time="0.652" /><testcase classname="backend.tests.test_erp_iteration3.TestEmailNotifications" name="test_invoice_reminders_admin_ok" time="0.295" /><testcase classname="backend.tests.test_erp_iteration3.TestEmailNotifications" name="test_invoice_reminders_forbidden_for_hr" time="0.047" /><testcase classname="backend.tests.test_erp_iteration3.TestEmailNotifications" name="test_approval_action_fires_email_no_error" time="0.154" /></testsuite></testsuites>