<?xml version="1.0" encoding="utf-8"?><testsuites name="pytest tests"><testsuite name="pytest" errors="0" failures="0" skipped="0" tests="29" time="4.480" timestamp="2026-05-30T09:00:09.650877+00:00" hostname="agent-env-0b57986a-023a-42cd-8f4e-c698d6d250e7"><testcase classname="backend.tests.test_approval_closedloop" name="test_reject_without_remark_returns_400" time="0.494" /><testcase classname="backend.tests.test_approval_closedloop" name="test_reject_with_short_remark_returns_400" time="0.059" /><testcase classname="backend.tests.test_approval_closedloop" name="test_reject_flips_to_rejected_revision_required" time="0.063" /><testcase classname="backend.tests.test_approval_closedloop" name="test_resubmit_restarts_chain_from_zero_by_default" time="0.158" /><testcase classname="backend.tests.test_approval_closedloop" name="test_resubmit_resumes_from_rejected_step_when_admin_configured" time="0.262" /><testcase classname="backend.tests.test_approval_closedloop" name="test_request_info_flips_status_with_docs_and_deadline" time="0.061" /><testcase classname="backend.tests.test_approval_closedloop" name="test_request_info_without_remark_returns_400" time="0.058" /><testcase classname="backend.tests.test_approval_closedloop" name="test_resubmit_fails_when_not_rejected" time="0.059" /><testcase classname="backend.tests.test_approval_closedloop" name="test_my_revisions_lists_only_bounced_back" time="0.121" /><testcase classname="backend.tests.test_approval_closedloop" name="test_admin_config_default_and_update" time="0.200" /><testcase classname="backend.tests.test_approval_closedloop" name="test_approve_terminal_status_still_works" time="0.108" /><testcase classname="backend.tests.test_payroll_module" name="test_master_list_returns_200" time="0.371" /><testcase classname="backend.tests.test_payroll_module" name="test_runs_list_returns_200" time="0.064" /><testcase classname="backend.tests.test_payroll_module" name="test_payslips_list_returns_200" time="0.045" /><testcase classname="backend.tests.test_payroll_module" name="test_upsert_master_then_get" time="0.139" /><testcase classname="backend.tests.test_payroll_module" name="test_preview_computes_statutory" time="0.046" /><testcase classname="backend.tests.test_payroll_module" name="test_commit_with_advance_emi_auto_deduction" time="0.161" /><testcase classname="backend.tests.test_payroll_module" name="test_non_hr_role_blocked" time="0.105" /><testcase classname="backend.tests.test_iteration49_payroll_extra" name="test_payroll_me_admin_returns_linked_false" time="0.374" /><testcase classname="backend.tests.test_iteration49_payroll_extra" name="test_get_payslip_round_trip" time="0.279" /><testcase classname="backend.tests.test_iteration49_payroll_extra" name="test_override_sets_advance_emi_to_zero" time="0.219" /><testcase classname="backend.tests.test_iteration49_payroll_extra" name="test_preview_without_skip_returns_preflight_failed" time="0.051" /><testcase classname="backend.tests.test_iteration49_payroll_extra" name="test_unauthenticated_master_returns_401" time="0.102" /><testcase classname="backend.tests.test_iteration49_payroll_extra" name="test_vendor_role_blocked_on_master_and_preview" time="0.426" /><testcase classname="backend.tests.test_iteration49_payroll_extra" name="test_regression_department_master_lists_core_depts" time="0.052" /><testcase classname="backend.tests.test_iteration49_payroll_extra" name="test_regression_dept_gov_payroll_check" time="0.057" /><testcase classname="backend.tests.test_iteration49_payroll_extra" name="test_regression_advances_list_has_dept_doc_no_or_empty" time="0.073" /><testcase classname="backend.tests.test_iteration49_payroll_extra" name="test_regression_dashboard_hr_has_payroll_tile" time="0.054" /><testcase classname="backend.tests.test_iteration49_payroll_extra" name="test_regression_store_tx_requires_pr_or_allocation" time="0.048" /></testsuite></testsuites>