<?xml version="1.0" encoding="utf-8"?><testsuites name="pytest tests"><testsuite name="pytest" errors="0" failures="0" skipped="0" tests="22" time="2.667" timestamp="2026-05-21T07:44:15.624897+00:00" hostname="agent-env-0b57986a-023a-42cd-8f4e-c698d6d250e7"><testcase classname="backend.tests.test_iteration21_phase_b.TestAllocations" name="test_list_allocations_ok" time="0.518" /><testcase classname="backend.tests.test_iteration21_phase_b.TestAllocations" name="test_create_allocation_decrements_inventory" time="0.190" /><testcase classname="backend.tests.test_iteration21_phase_b.TestAllocations" name="test_insufficient_stock_returns_400" time="0.048" /><testcase classname="backend.tests.test_iteration21_phase_b.TestAllocations" name="test_partial_return_then_full_return" time="0.241" /><testcase classname="backend.tests.test_iteration21_phase_b.TestAllocations" name="test_non_returnable_blocks_return" time="0.098" /><testcase classname="backend.tests.test_iteration21_phase_b.TestAllocations" name="test_delete_allocation_reverses_inventory" time="0.197" /><testcase classname="backend.tests.test_iteration21_phase_b.TestAllocations" name="test_delete_after_return_blocked" time="0.147" /><testcase classname="backend.tests.test_iteration21_phase_b.TestAllocations" name="test_list_filters" time="0.047" /><testcase classname="backend.tests.test_iteration21_phase_b.TestAssetLifecycle" name="test_get_lifecycle" time="0.103" /><testcase classname="backend.tests.test_iteration21_phase_b.TestAssetLifecycle" name="test_add_depreciation" time="0.109" /><testcase classname="backend.tests.test_iteration21_phase_b.TestAssetLifecycle" name="test_add_amc" time="0.098" /><testcase classname="backend.tests.test_iteration21_phase_b.TestAssetLifecycle" name="test_add_calibration" time="0.107" /><testcase classname="backend.tests.test_iteration21_phase_b.TestAssetLifecycle" name="test_set_warranty" time="0.048" /><testcase classname="backend.tests.test_iteration21_phase_b.TestAssetLifecycle" name="test_lifecycle_404" time="0.046" /><testcase classname="backend.tests.test_iteration21_phase_b.TestChallans" name="test_create_delivery_challan" time="0.048" /><testcase classname="backend.tests.test_iteration21_phase_b.TestChallans" name="test_list_challans_with_filters" time="0.046" /><testcase classname="backend.tests.test_iteration21_phase_b.TestChallans" name="test_inter_site_transfer_debits_source" time="0.229" /><testcase classname="backend.tests.test_iteration21_phase_b.TestChallans" name="test_receive_captures_esignature" time="0.049" /><testcase classname="backend.tests.test_iteration21_phase_b.TestChallans" name="test_delete_received_blocked" time="0.045" /><testcase classname="backend.tests.test_iteration21_phase_b.TestChallans" name="test_delete_unreceived_ok" time="0.095" /><testcase classname="backend.tests.test_iteration21_phase_b.TestChallans" name="test_bad_challan_type_rejected" time="0.052" /><testcase classname="backend.tests.test_iteration21_phase_b.TestChallans" name="test_empty_items_rejected" time="0.045" /></testsuite></testsuites>