<?xml version="1.0" encoding="utf-8"?><testsuites name="pytest tests"><testsuite name="pytest" errors="0" failures="0" skipped="0" tests="25" time="2.805" timestamp="2026-05-20T11:13:23.282230+00:00" hostname="agent-env-0b57986a-023a-42cd-8f4e-c698d6d250e7"><testcase classname="backend.tests.test_iteration18_sales_rbac_role_preview.TestSalesReportsRBAC" name="test_pm_denied_on_reports[/api/sales/reports/monthly]" time="0.613" /><testcase classname="backend.tests.test_iteration18_sales_rbac_role_preview.TestSalesReportsRBAC" name="test_pm_denied_on_reports[/api/sales/reports/by-client]" time="0.058" /><testcase classname="backend.tests.test_iteration18_sales_rbac_role_preview.TestSalesReportsRBAC" name="test_pm_denied_on_reports[/api/sales/reports/by-service]" time="0.060" /><testcase classname="backend.tests.test_iteration18_sales_rbac_role_preview.TestSalesReportsRBAC" name="test_pm_denied_on_reports[/api/sales/reports/won-lost]" time="0.059" /><testcase classname="backend.tests.test_iteration18_sales_rbac_role_preview.TestSalesReportsRBAC" name="test_pm_denied_on_reports[/api/sales/reports/deadline-tracker]" time="0.062" /><testcase classname="backend.tests.test_iteration18_sales_rbac_role_preview.TestSalesReportsRBAC" name="test_pm_denied_on_search" time="0.059" /><testcase classname="backend.tests.test_iteration18_sales_rbac_role_preview.TestSalesReportsRBAC" name="test_sales_allowed_on_reports[/api/sales/reports/monthly]" time="0.385" /><testcase classname="backend.tests.test_iteration18_sales_rbac_role_preview.TestSalesReportsRBAC" name="test_sales_allowed_on_reports[/api/sales/reports/by-client]" time="0.062" /><testcase classname="backend.tests.test_iteration18_sales_rbac_role_preview.TestSalesReportsRBAC" name="test_sales_allowed_on_reports[/api/sales/reports/by-service]" time="0.060" /><testcase classname="backend.tests.test_iteration18_sales_rbac_role_preview.TestSalesReportsRBAC" name="test_sales_allowed_on_reports[/api/sales/reports/won-lost]" time="0.060" /><testcase classname="backend.tests.test_iteration18_sales_rbac_role_preview.TestSalesReportsRBAC" name="test_sales_allowed_on_reports[/api/sales/reports/deadline-tracker]" time="0.061" /><testcase classname="backend.tests.test_iteration18_sales_rbac_role_preview.TestSalesReportsRBAC" name="test_sales_allowed_on_search" time="0.068" /><testcase classname="backend.tests.test_iteration18_sales_rbac_role_preview.TestSalesReportsRBAC" name="test_admin_allowed_on_reports[/api/sales/reports/monthly]" time="0.403" /><testcase classname="backend.tests.test_iteration18_sales_rbac_role_preview.TestSalesReportsRBAC" name="test_admin_allowed_on_reports[/api/sales/reports/by-client]" time="0.049" /><testcase classname="backend.tests.test_iteration18_sales_rbac_role_preview.TestSalesReportsRBAC" name="test_admin_allowed_on_reports[/api/sales/reports/by-service]" time="0.047" /><testcase classname="backend.tests.test_iteration18_sales_rbac_role_preview.TestSalesReportsRBAC" name="test_admin_allowed_on_reports[/api/sales/reports/won-lost]" time="0.048" /><testcase classname="backend.tests.test_iteration18_sales_rbac_role_preview.TestSalesReportsRBAC" name="test_admin_allowed_on_reports[/api/sales/reports/deadline-tracker]" time="0.048" /><testcase classname="backend.tests.test_iteration18_sales_rbac_role_preview.TestPMNoRegression" name="test_pm_still_has_access[/api/enquiries]" time="0.060" /><testcase classname="backend.tests.test_iteration18_sales_rbac_role_preview.TestPMNoRegression" name="test_pm_still_has_access[/api/quotations]" time="0.058" /><testcase classname="backend.tests.test_iteration18_sales_rbac_role_preview.TestPMNoRegression" name="test_pm_still_has_access[/api/orders]" time="0.058" /><testcase classname="backend.tests.test_iteration18_sales_rbac_role_preview.TestPMNoRegression" name="test_pm_still_has_access[/api/sales/enquiry-pulse]" time="0.063" /><testcase classname="backend.tests.test_iteration18_sales_rbac_role_preview.TestRolePreview" name="test_pm_denied" time="0.059" /><testcase classname="backend.tests.test_iteration18_sales_rbac_role_preview.TestRolePreview" name="test_super_admin_preview" time="0.048" /><testcase classname="backend.tests.test_iteration18_sales_rbac_role_preview.TestRolePreview" name="test_unmapped_role_fallback" time="0.045" /><testcase classname="backend.tests.test_iteration18_sales_rbac_role_preview.TestRolePreview" name="test_mapped_role_scoped" time="0.140" /></testsuite></testsuites>