<?xml version="1.0" encoding="utf-8"?><testsuites name="pytest tests"><testsuite name="pytest" errors="0" failures="0" skipped="0" tests="27" time="8.051" timestamp="2026-05-26T06:45:50.610387+00:00" hostname="agent-env-0b57986a-023a-42cd-8f4e-c698d6d250e7"><testcase classname="backend.tests.test_iteration40_m365_email.TestEmailConfig" name="test_config_super_admin_shape" time="0.402" /><testcase classname="backend.tests.test_iteration40_m365_email.TestEmailConfig" name="test_config_vendor_forbidden" time="0.423" /><testcase classname="backend.tests.test_iteration40_m365_email.TestSharedTest" name="test_shared_test_400_when_not_configured" time="0.051" /><testcase classname="backend.tests.test_iteration40_m365_email.TestSharedTest" name="test_shared_test_pydantic_validation" time="0.045" /><testcase classname="backend.tests.test_iteration40_m365_email.TestUserSmtp" name="test_get_me_smtp_initial_not_configured" time="0.089" /><testcase classname="backend.tests.test_iteration40_m365_email.TestUserSmtp" name="test_put_me_smtp_encrypts_password" time="0.049" /><testcase classname="backend.tests.test_iteration40_m365_email.TestUserSmtp" name="test_get_me_smtp_after_put" time="0.045" /><testcase classname="backend.tests.test_iteration40_m365_email.TestUserSmtp" name="test_put_me_smtp_upserts_idempotent" time="0.096" /><testcase classname="backend.tests.test_iteration40_m365_email.TestUserSmtp" name="test_delete_me_smtp" time="0.090" /><testcase classname="backend.tests.test_iteration40_m365_email.TestMeTest" name="test_me_test_no_creds_400" time="0.091" /><testcase classname="backend.tests.test_iteration40_m365_email.TestMeTest" name="test_me_test_with_fake_creds_creates_failed_outbox" time="5.608" /><testcase classname="backend.tests.test_iteration40_m365_email.TestSend" name="test_send_shared_400_when_not_configured" time="0.046" /><testcase classname="backend.tests.test_iteration40_m365_email.TestSend" name="test_send_user_400_when_no_creds" time="0.096" /><testcase classname="backend.tests.test_iteration40_m365_email.TestSend" name="test_send_invalid_sender_400" time="0.044" /><testcase classname="backend.tests.test_iteration40_m365_email.TestSend" name="test_send_missing_to_400" time="0.045" /><testcase classname="backend.tests.test_iteration40_m365_email.TestSend" name="test_send_vendor_forbidden" time="0.068" /><testcase classname="backend.tests.test_iteration40_m365_email.TestOutbox" name="test_outbox_list_shape_and_no_id" time="0.059" /><testcase classname="backend.tests.test_iteration40_m365_email.TestOutbox" name="test_outbox_pagination" time="0.091" /><testcase classname="backend.tests.test_iteration40_m365_email.TestOutbox" name="test_outbox_filter_status_failed" time="0.046" /><testcase classname="backend.tests.test_iteration40_m365_email.TestOutbox" name="test_outbox_detail_404" time="0.045" /><testcase classname="backend.tests.test_iteration40_m365_email.TestOutbox" name="test_outbox_detail_no_id" time="0.103" /><testcase classname="backend.tests.test_iteration40_m365_email.TestOutbox" name="test_outbox_vendor_forbidden" time="0.046" /><testcase classname="backend.tests.test_iteration40_m365_email.TestRetry" name="test_retry_failed_record_queues" time="0.097" /><testcase classname="backend.tests.test_iteration40_m365_email.TestRetry" name="test_retry_already_sent_400" time="0.047" /><testcase classname="backend.tests.test_iteration40_m365_email.TestRetry" name="test_retry_missing_404" time="0.047" /><testcase classname="backend.tests.test_iteration40_m365_email.TestIndexes" name="test_outbox_id_unique" time="0.001" /><testcase classname="backend.tests.test_iteration40_m365_email.TestIndexes" name="test_smtp_user_creds_user_id_unique" time="0.004" /></testsuite></testsuites>