<?xml version="1.0" encoding="utf-8"?><testsuites name="pytest tests"><testsuite name="pytest" errors="0" failures="2" skipped="0" tests="84" time="19.480" timestamp="2026-05-30T09:00:19.127282+00:00" hostname="agent-env-0b57986a-023a-42cd-8f4e-c698d6d250e7"><testcase classname="backend.tests.test_iteration19_phase_d_clients.TestClientOnboardingApproval" name="test_create_client_starts_pending_approval" time="0.512" /><testcase classname="backend.tests.test_iteration19_phase_d_clients.TestClientOnboardingApproval" name="test_super_admin_can_fast_track_active" time="0.100" /><testcase classname="backend.tests.test_iteration19_phase_d_clients.TestClientOnboardingApproval" name="test_approve_chain_three_times_flips_to_active" time="0.349" /><testcase classname="backend.tests.test_iteration19_phase_d_clients.TestClientOnboardingApproval" name="test_reject_sets_rejected_with_reason" time="0.148" /><testcase classname="backend.tests.test_iteration19_phase_d_clients.TestClientOnboardingApproval" name="test_resubmit_only_works_on_rejected" time="0.149" /><testcase classname="backend.tests.test_iteration19_phase_d_clients.TestClientOnboardingApproval" name="test_resubmit_creates_new_chain_and_clears_reason" time="0.197" /><testcase classname="backend.tests.test_iteration19_phase_d_clients.TestUploadsCategory" name="test_clients_folder_with_valid_category_PAN" time="0.257" /><testcase classname="backend.tests.test_iteration19_phase_d_clients.TestUploadsCategory" name="test_client_sites_folder_allowed_and_category_GST" time="0.247" /><testcase classname="backend.tests.test_iteration19_phase_d_clients.TestUploadsCategory" name="test_clients_folder_with_invalid_category_returns_400" time="0.045" /><testcase classname="backend.tests.test_iteration19_phase_d_clients.TestUploadsCategory" name="test_client_sites_folder_with_invalid_category_returns_400" time="0.049" /><testcase classname="backend.tests.test_iteration19_phase_d_clients.TestUploadsCategory" name="test_upload_without_category_still_allowed" time="0.273" /><testcase classname="backend.tests.test_iteration19_phase_d_clients.TestSitesMap" name="test_sites_map_returns_valid_only" time="0.253" /><testcase classname="backend.tests.test_iteration19_phase_d_clients.TestSitesMap" name="test_sites_map_excludes_out_of_range_and_empty" time="0.241" /><testcase classname="backend.tests.test_iteration20_procurement.TestPR" name="test_create_pr_draft" time="0.370" /><testcase classname="backend.tests.test_iteration20_procurement.TestPR" name="test_submit_draft" time="0.102" /><testcase classname="backend.tests.test_iteration20_procurement.TestPR" name="test_create_pr_submit_directly" time="0.103" /><testcase classname="backend.tests.test_iteration20_procurement.TestPR" name="test_approve_full_chain" time="0.296" /><testcase classname="backend.tests.test_iteration20_procurement.TestPR" name="test_reject_pr_chain" time="0.149" /><testcase classname="backend.tests.test_iteration20_procurement.TestPR" name="test_update_pr_blocked_after_approval" time="0.051" /><testcase classname="backend.tests.test_iteration20_procurement.TestPR" name="test_list_pr" time="0.056" /><testcase classname="backend.tests.test_iteration20_procurement.TestRFQ" name="test_create_rfq_requires_approved_pr" time="0.152" /><testcase classname="backend.tests.test_iteration20_procurement.TestRFQ" name="test_create_rfq_from_approved_pr" time="0.053" /><testcase classname="backend.tests.test_iteration20_procurement.TestRFQ" name="test_record_responses" time="0.101" /><testcase classname="backend.tests.test_iteration20_procurement.TestRFQ" name="test_comparative_sorted_by_landed" time="0.048" /><testcase classname="backend.tests.test_iteration20_procurement.TestRFQ" name="test_select_vendor_invalid" time="0.049" /><testcase classname="backend.tests.test_iteration20_procurement.TestRFQ" name="test_select_vendor_and_convert" time="0.198" /><testcase classname="backend.tests.test_iteration20_procurement.TestGRN" name="test_create_partial_grn" time="0.254" /><testcase classname="backend.tests.test_iteration20_procurement.TestGRN" name="test_delete_grn_reverses_inventory" time="0.164" /><testcase classname="backend.tests.test_iteration20_procurement.TestDashboardRBAC" name="test_dashboard_kpis" time="0.054" /><testcase classname="backend.tests.test_iteration20_procurement.TestDashboardRBAC" name="test_rbac_purchase_officer_can_read" time="0.401" /><testcase classname="backend.tests.test_iteration45_advances.TestAdvanceTypes" name="test_list_has_seeded_defaults" time="1.677" /><testcase classname="backend.tests.test_iteration45_advances.TestAdvanceTypes" name="test_create_rbac_blocks_non_privileged" time="0.046" /><testcase classname="backend.tests.test_iteration45_advances.TestAdvanceTypes" name="test_create_hr_allowed_and_duplicate_409" time="0.099" /><testcase classname="backend.tests.test_iteration45_advances.TestAdvanceTypes" name="test_update_and_delete_rbac" time="0.144" /><testcase classname="backend.tests.test_iteration45_advances.TestAdvanceCreate" name="test_create_on_behalf_by_hr" time="0.099" /><testcase classname="backend.tests.test_iteration45_advances.TestAdvanceCreate" name="test_create_violates_max_amount" time="0.046" /><testcase classname="backend.tests.test_iteration45_advances.TestAdvanceCreate" name="test_create_violates_max_installments" time="0.046" /><testcase classname="backend.tests.test_iteration45_advances.TestAdvanceCreate" name="test_unknown_type_400" time="0.044" /><testcase classname="backend.tests.test_iteration45_advances.TestAdvanceCreate" name="test_site_engineer_cannot_create_on_behalf" time="0.046" /><testcase classname="backend.tests.test_iteration45_advances.TestApprovalChain" name="test_chain_has_six_steps" time="0.051" /><testcase classname="backend.tests.test_iteration45_advances.TestApprovalChain" name="test_walk_all_six_steps_as_super_admin" time="0.890" /><testcase classname="backend.tests.test_iteration45_advances.TestPayment" name="test_payment_rbac_blocks_purchase_officer" time="0.046" /><testcase classname="backend.tests.test_iteration45_advances.TestPayment" name="test_payment_over_approved_400" time="0.048" /><testcase classname="backend.tests.test_iteration45_advances.TestPayment" name="test_full_payment_creates_journal_entry" time="0.048"><failure message="assert 24000.0 == 0">E   assert 24000.0 == 0</failure></testcase><testcase classname="backend.tests.test_iteration45_advances.TestPayment" name="test_payment_blocked_when_not_approved" time="0.048" /><testcase classname="backend.tests.test_iteration45_advances.TestListAndScope" name="test_list_filters_status_and_type" time="0.050" /><testcase classname="backend.tests.test_iteration45_advances.TestListAndScope" name="test_site_engineer_scope_limited" time="0.049" /><testcase classname="backend.tests.test_iteration45_advances.TestDashboard" name="test_summary_rbac" time="0.045" /><testcase classname="backend.tests.test_iteration45_advances.TestDashboard" name="test_summary_shape" time="0.047" /><testcase classname="backend.tests.test_iteration45_advances.TestAmendAndReject" name="test_create_second_for_amend" time="0.049" /><testcase classname="backend.tests.test_iteration45_advances.TestAmendAndReject" name="test_amend_by_non_approver_blocked" time="0.050" /><testcase classname="backend.tests.test_iteration45_advances.TestAmendAndReject" name="test_amend_by_super_admin_recomputes_emi" time="0.096" /><testcase classname="backend.tests.test_iteration45_advances.TestAmendAndReject" name="test_reject_path" time="0.427" /><testcase classname="backend.tests.test_iteration45_advances.TestUpdateDelete" name="test_update_blocked_when_paid" time="0.046" /><testcase classname="backend.tests.test_iteration45_advances.TestUpdateDelete" name="test_delete_paid_blocked" time="0.045" /><testcase classname="backend.tests.test_iteration45_advances.TestUpdateDelete" name="test_delete_rejected_allowed_with_rbac" time="0.122" /><testcase classname="backend.tests.test_iteration48_dept_governance_phase2.TestStoreOutwardDependency" name="test_outward_without_link_rejected_400" time="3.707" /><testcase classname="backend.tests.test_iteration48_dept_governance_phase2.TestStoreOutwardDependency" name="test_outward_force_unlinked_super_admin_succeeds" time="0.211" /><testcase classname="backend.tests.test_iteration48_dept_governance_phase2.TestStoreOutwardDependency" name="test_outward_force_unlinked_non_admin_still_blocked" time="0.328" /><testcase classname="backend.tests.test_iteration48_dept_governance_phase2.TestStoreOutwardDependency" name="test_outward_with_nonapproved_pr_blocked" time="0.331" /><testcase classname="backend.tests.test_iteration48_dept_governance_phase2.TestStoreOutwardDependency" name="test_outward_with_approved_pr_succeeds" time="0.721"><failure message="AssertionError: approved PR should permit outward: 400 {&quot;detail&quot;:&quot;Material outward requires a linked APPROVED Purchase Requisition or Material Allocation. Provide `pr_id` or `allocation_id` whose status is approved/issued.&quot;}&#10;assert 400 in (200, 201)&#10; +  where 400 = &lt;Response [400]&gt;.status_code">E   AssertionError: approved PR should permit outward: 400 {"detail":"Material outward requires a linked APPROVED Purchase Requisition or Material Allocation. Provide `pr_id` or `allocation_id` whose status is approved/issued."}
    assert 400 in (200, 201)
     +  where 400 = &lt;Response [400]&gt;.status_code</failure></testcase><testcase classname="backend.tests.test_iteration48_dept_governance_phase2.TestStoreOutwardDependency" name="test_non_outward_unaffected[inward]" time="0.209" /><testcase classname="backend.tests.test_iteration48_dept_governance_phase2.TestStoreOutwardDependency" name="test_non_outward_unaffected[transfer]" time="0.242" /><testcase classname="backend.tests.test_iteration48_dept_governance_phase2.TestStoreOutwardDependency" name="test_non_outward_unaffected[return]" time="0.205" /><testcase classname="backend.tests.test_iteration48_dept_governance_phase2.TestStoreOutwardDependency" name="test_non_outward_unaffected[scrap]" time="0.208" /><testcase classname="backend.tests.test_iteration48_dept_governance_phase2.TestVerifyAndPayInvoice" name="test_verify_403_for_purchase_officer" time="0.333" /><testcase classname="backend.tests.test_iteration48_dept_governance_phase2.TestVerifyAndPayInvoice" name="test_verify_404_unknown" time="0.103" /><testcase classname="backend.tests.test_iteration48_dept_governance_phase2.TestVerifyAndPayInvoice" name="test_pay_unverified_400" time="0.105" /><testcase classname="backend.tests.test_iteration48_dept_governance_phase2.TestVerifyAndPayInvoice" name="test_verify_succeeds_as_admin" time="0.099" /><testcase classname="backend.tests.test_iteration48_dept_governance_phase2.TestVerifyAndPayInvoice" name="test_payment_exceeding_amount_400" time="0.103" /><testcase classname="backend.tests.test_iteration48_dept_governance_phase2.TestVerifyAndPayInvoice" name="test_pay_verified_invoice_succeeds_and_flips_status" time="0.702" /><testcase classname="backend.tests.test_iteration48_dept_governance_phase2.TestPayrollAttendanceCheck" name="test_payroll_check_returns_structure" time="0.108" /><testcase classname="backend.tests.test_iteration48_dept_governance_phase2.TestPayrollAttendanceCheck" name="test_bad_month_400" time="0.113" /><testcase classname="backend.tests.test_iteration48_dept_governance_phase2.TestPayrollAttendanceCheck" name="test_pm_forbidden" time="0.103" /><testcase classname="backend.tests.test_iteration48_dept_governance_phase2.TestReports" name="test_handoff_delays_structure" time="0.103" /><testcase classname="backend.tests.test_iteration48_dept_governance_phase2.TestReports" name="test_dept_performance_structure" time="0.128" /><testcase classname="backend.tests.test_iteration48_dept_governance_phase2.TestReports" name="test_dept_manpower_structure" time="0.101" /><testcase classname="backend.tests.test_iteration48_dept_governance_phase2.TestAuditViewer" name="test_audit_by_dept_403_for_pm" time="0.104" /><testcase classname="backend.tests.test_iteration48_dept_governance_phase2.TestAuditViewer" name="test_audit_by_dept_filters_combine" time="0.336" /><testcase classname="backend.tests.test_iteration48_dept_governance_phase2.TestAuditViewer" name="test_audit_limit_capped_at_1000" time="0.212" /><testcase classname="backend.tests.test_iteration48_dept_governance_phase2.TestAuditViewer" name="test_audit_record_unknown_collection_400" time="0.100" /><testcase classname="backend.tests.test_iteration48_dept_governance_phase2.TestAuditViewer" name="test_audit_record_unknown_id_404" time="0.113" /><testcase classname="backend.tests.test_iteration48_dept_governance_phase2.TestAuditViewer" name="test_audit_record_timeline_returned" time="0.208" /><testcase classname="backend.tests.test_iteration48_dept_governance_phase2.TestRegressionIter47" name="test_advance_still_gets_hr_adv_prefix" time="0.204" /></testsuite></testsuites>