<?xml version="1.0" encoding="utf-8"?><testsuites name="pytest tests"><testsuite name="pytest" errors="0" failures="0" skipped="0" tests="18" time="2.760" timestamp="2026-05-15T06:27:32.165716+00:00" hostname="agent-env-0b57986a-023a-42cd-8f4e-c698d6d250e7"><testcase classname="backend.tests.test_erp_iteration2.TestRBAC" name="test_hr_can_read_employees" time="1.171" /><testcase classname="backend.tests.test_erp_iteration2.TestRBAC" name="test_hr_cannot_read_journal_entries" time="0.046" /><testcase classname="backend.tests.test_erp_iteration2.TestRBAC" name="test_hr_can_read_clients" time="0.046" /><testcase classname="backend.tests.test_erp_iteration2.TestRBAC" name="test_hr_cannot_write_journal_entries" time="0.046" /><testcase classname="backend.tests.test_erp_iteration2.TestRBAC" name="test_admin_can_read_journal_entries" time="0.046" /><testcase classname="backend.tests.test_erp_iteration2.TestRBAC" name="test_admin_can_write_journal_entries" time="0.111" /><testcase classname="backend.tests.test_erp_iteration2.TestPermissions" name="test_permissions_map_admin" time="0.046" /><testcase classname="backend.tests.test_erp_iteration2.TestPermissions" name="test_permissions_map_hr" time="0.045" /><testcase classname="backend.tests.test_erp_iteration2.TestApprovals" name="test_chains_catalogue" time="0.046" /><testcase classname="backend.tests.test_erp_iteration2.TestApprovals" name="test_list_approvals_has_chain_fields" time="0.047" /><testcase classname="backend.tests.test_erp_iteration2.TestApprovals" name="test_create_po_approval_autopopulates_chain" time="0.097" /><testcase classname="backend.tests.test_erp_iteration2.TestApprovals" name="test_full_approve_workflow" time="0.276" /><testcase classname="backend.tests.test_erp_iteration2.TestApprovals" name="test_reject_sets_rejected" time="0.140" /><testcase classname="backend.tests.test_erp_iteration2.TestApprovals" name="test_non_matching_role_403" time="0.139" /><testcase classname="backend.tests.test_erp_iteration2.TestExports" name="test_clients_xlsx" time="0.061" /><testcase classname="backend.tests.test_erp_iteration2.TestExports" name="test_projects_pdf" time="0.051" /><testcase classname="backend.tests.test_erp_iteration2.TestExports" name="test_hr_cannot_export_journal_entries" time="0.047" /><testcase classname="backend.tests.test_erp_iteration2.TestExports" name="test_hr_can_export_clients" time="0.050" /></testsuite></testsuites>