<?xml version="1.0" encoding="utf-8"?><testsuites name="pytest tests"><testsuite name="pytest" errors="0" failures="0" skipped="1" tests="45" time="26.317" timestamp="2026-05-28T17:22:13.926058+00:00" hostname="agent-env-0b57986a-023a-42cd-8f4e-c698d6d250e7"><testcase classname="backend.tests.test_iteration44_linkage.TestCredentialsReseed" name="test_login_200[admin@erp.com-Admin@123]" time="14.684" /><testcase classname="backend.tests.test_iteration44_linkage.TestCredentialsReseed" name="test_login_200[test_pm@erp.com-PM@12345]" time="0.390" /><testcase classname="backend.tests.test_iteration44_linkage.TestCredentialsReseed" name="test_login_200[sales@erp.com-Sales@123]" time="0.353" /><testcase classname="backend.tests.test_iteration44_linkage.TestCredentialsReseed" name="test_login_200[hr.test@erp.com-HR@12345]" time="0.344" /><testcase classname="backend.tests.test_iteration44_linkage.TestCredentialsReseed" name="test_login_200[purchase@erp.com-Purchase@123]" time="0.335" /><testcase classname="backend.tests.test_iteration44_linkage.TestCredentialsReseed" name="test_login_200[store@erp.com-Store@1234]" time="0.335" /><testcase classname="backend.tests.test_iteration44_linkage.TestCredentialsReseed" name="test_login_200[safety@erp.com-Safety@123]" time="0.338" /><testcase classname="backend.tests.test_iteration44_linkage.TestCredentialsReseed" name="test_login_200[supervisor@erp.com-Super@1234]" time="0.347" /><testcase classname="backend.tests.test_iteration44_linkage.TestCredentialsReseed" name="test_login_200[director@erp.com-Director@123]" time="0.335" /><testcase classname="backend.tests.test_iteration44_linkage.TestCredentialsReseed" name="test_login_200[gm@erp.com-GM@12345]" time="0.346" /><testcase classname="backend.tests.test_iteration44_linkage.TestCredentialsReseed" name="test_login_200[depthead.ops@erp.com-DeptHead@123]" time="0.341" /><testcase classname="backend.tests.test_iteration44_linkage.TestCredentialsReseed" name="test_login_200[depthead.hse@erp.com-DeptHead@123]" time="0.332" /><testcase classname="backend.tests.test_iteration44_linkage.TestCredentialsReseed" name="test_login_200[test_site_engineer@erp.com-TestPass@123]" time="1.261" /><testcase classname="backend.tests.test_iteration44_linkage.TestLinkageGraph" name="test_graph_supported_resource[clients]" time="0.604" /><testcase classname="backend.tests.test_iteration44_linkage.TestLinkageGraph" name="test_graph_supported_resource[projects]" time="0.253" /><testcase classname="backend.tests.test_iteration44_linkage.TestLinkageGraph" name="test_graph_supported_resource[vendors]" time="0.284" /><testcase classname="backend.tests.test_iteration44_linkage.TestLinkageGraph" name="test_graph_supported_resource[enquiries]" time="0.106"><skipped type="pytest.skip" message="no seeded enquiries records to test against">/app/backend/tests/test_iteration44_linkage.py:101: no seeded enquiries records to test against</skipped></testcase><testcase classname="backend.tests.test_iteration44_linkage.TestLinkageGraph" name="test_graph_supported_resource[purchase_orders]" time="0.233" /><testcase classname="backend.tests.test_iteration44_linkage.TestLinkageGraph" name="test_graph_clients_has_groups" time="0.226" /><testcase classname="backend.tests.test_iteration44_linkage.TestLinkageGraph" name="test_graph_unknown_record" time="0.140" /><testcase classname="backend.tests.test_iteration44_linkage.TestLinkageGraph" name="test_graph_unsupported_resource" time="0.109" /><testcase classname="backend.tests.test_iteration44_linkage.TestLinkageGraph" name="test_graph_requires_auth" time="0.106" /><testcase classname="backend.tests.test_iteration44_linkage.TestSheetChannels" name="test_list_requires_auth" time="0.106" /><testcase classname="backend.tests.test_iteration44_linkage.TestSheetChannels" name="test_list_admin" time="0.452" /><testcase classname="backend.tests.test_iteration44_linkage.TestSheetChannels" name="test_create_forbidden_for_pm" time="0.432" /><testcase classname="backend.tests.test_iteration44_linkage.TestSheetChannels" name="test_create_admin" time="0.132" /><testcase classname="backend.tests.test_iteration44_linkage.TestSheetChannels" name="test_fetch_data_invalid_returns_502" time="0.236" /><testcase classname="backend.tests.test_iteration44_linkage.TestSheetChannels" name="test_fetch_data_unknown_channel_404" time="0.121" /><testcase classname="backend.tests.test_iteration44_linkage.TestSheetChannels" name="test_delete_forbidden_for_pm" time="0.129" /><testcase classname="backend.tests.test_iteration44_linkage.TestSheetChannels" name="test_delete_unknown_404" time="0.119" /><testcase classname="backend.tests.test_iteration44_linkage.TestSheetChannels" name="test_delete_admin" time="0.126" /><testcase classname="backend.tests.test_iteration44_linkage.TestTally" name="test_config_get_forbidden_for_pm" time="0.113" /><testcase classname="backend.tests.test_iteration44_linkage.TestTally" name="test_config_get_admin" time="0.100" /><testcase classname="backend.tests.test_iteration44_linkage.TestTally" name="test_config_put_forbidden_for_pm" time="0.104" /><testcase classname="backend.tests.test_iteration44_linkage.TestTally" name="test_config_put_admin_persists" time="0.220" /><testcase classname="backend.tests.test_iteration44_linkage.TestTally" name="test_test_endpoint_graceful" time="0.287" /><testcase classname="backend.tests.test_iteration44_linkage.TestTally" name="test_sync_masters_502_when_unreachable" time="0.136" /><testcase classname="backend.tests.test_iteration44_linkage.TestTally" name="test_sync_masters_400_when_disabled" time="0.220" /><testcase classname="backend.tests.test_iteration44_linkage.TestTally" name="test_ledgers_list_empty" time="0.136" /><testcase classname="backend.tests.test_iteration44_linkage.TestTally" name="test_ledgers_search_filter" time="0.103" /><testcase classname="backend.tests.test_iteration44_linkage.TestOneDriveRegression" name="test_settings_get" time="0.107" /><testcase classname="backend.tests.test_iteration44_linkage.TestOneDriveRegression" name="test_queue_listing" time="0.117" /><testcase classname="backend.tests.test_iteration44_linkage.TestOneDriveRegression" name="test_stats" time="0.109" /><testcase classname="backend.tests.test_iteration44_linkage.TestOneDriveRegression" name="test_test_connection_graceful" time="0.375" /><testcase classname="backend.tests.test_iteration44_linkage.TestOneDriveRegression" name="test_upload_enqueues_to_onedrive_queue" time="0.417" /></testsuite></testsuites>