<?xml version="1.0" encoding="utf-8"?><testsuites name="pytest tests"><testsuite name="pytest" errors="0" failures="0" skipped="0" tests="22" time="5.374" timestamp="2026-05-29T17:41:56.108140+00:00" hostname="agent-env-0b57986a-023a-42cd-8f4e-c698d6d250e7"><testcase classname="backend.tests.test_iteration46_advance_recovery.TestSetupFreshAdvance" name="test_pick_employee" time="1.663" /><testcase classname="backend.tests.test_iteration46_advance_recovery.TestSetupFreshAdvance" name="test_create_advance" time="0.054" /><testcase classname="backend.tests.test_iteration46_advance_recovery.TestSetupFreshAdvance" name="test_submit_and_full_approve" time="0.459" /><testcase classname="backend.tests.test_iteration46_advance_recovery.TestSetupFreshAdvance" name="test_pay_full_and_regression_outstanding" time="0.102" /><testcase classname="backend.tests.test_iteration46_advance_recovery.TestRecoveryDryRunCommit" name="test_rbac_project_manager_blocked" time="0.048" /><testcase classname="backend.tests.test_iteration46_advance_recovery.TestRecoveryDryRunCommit" name="test_invalid_month" time="0.053" /><testcase classname="backend.tests.test_iteration46_advance_recovery.TestRecoveryDryRunCommit" name="test_dry_run_includes_our_advance" time="0.103" /><testcase classname="backend.tests.test_iteration46_advance_recovery.TestRecoveryDryRunCommit" name="test_commit_run" time="0.114" /><testcase classname="backend.tests.test_iteration46_advance_recovery.TestRecoveryDryRunCommit" name="test_idempotency_rerun_same_month" time="0.114" /><testcase classname="backend.tests.test_iteration46_advance_recovery.TestRecoveryActions" name="test_override_replaces_row" time="0.118" /><testcase classname="backend.tests.test_iteration46_advance_recovery.TestRecoveryActions" name="test_skip_writes_audit_row_no_balance_change" time="0.159" /><testcase classname="backend.tests.test_iteration46_advance_recovery.TestRecoveryActions" name="test_foreclose_must_equal_outstanding" time="0.762" /><testcase classname="backend.tests.test_iteration46_advance_recovery.TestRecoveryActions" name="test_settle_requires_gm_director" time="0.810" /><testcase classname="backend.tests.test_iteration46_advance_recovery.TestRecoveryActions" name="test_skip_foreclose_blocked_for_pm" time="0.056" /><testcase classname="backend.tests.test_iteration46_advance_recovery.TestSelfServiceAndReports" name="test_me_summary_hr_executive" time="0.054" /><testcase classname="backend.tests.test_iteration46_advance_recovery.TestSelfServiceAndReports" name="test_me_summary_site_engineer_no_crash" time="0.054" /><testcase classname="backend.tests.test_iteration46_advance_recovery.TestSelfServiceAndReports" name="test_report_outstanding_rbac_and_shape" time="0.115" /><testcase classname="backend.tests.test_iteration46_advance_recovery.TestSelfServiceAndReports" name="test_report_monthly_recovery_jan" time="0.063" /><testcase classname="backend.tests.test_iteration46_advance_recovery.TestSelfServiceAndReports" name="test_report_aging_shape" time="0.055" /><testcase classname="backend.tests.test_iteration46_advance_recovery.TestBulkImport" name="test_bulk_import_rbac_pm_blocked" time="0.063" /><testcase classname="backend.tests.test_iteration46_advance_recovery.TestBulkImport" name="test_bulk_import_valid_and_invalid_rows" time="0.104" /><testcase classname="backend.tests.test_iteration46_advance_recovery.TestBulkImport" name="test_bulk_import_closed_when_fully_recovered" time="0.136" /></testsuite></testsuites>