<?xml version="1.0" encoding="utf-8"?><testsuites name="pytest tests"><testsuite name="pytest" errors="0" failures="0" skipped="0" tests="10" time="2.295" timestamp="2026-05-30T09:00:02.516014+00:00" hostname="agent-env-0b57986a-023a-42cd-8f4e-c698d6d250e7"><testcase classname="backend.tests.test_approval_phase23" name="test_versions_compare_returns_diff" time="0.735" /><testcase classname="backend.tests.test_approval_phase23" name="test_compare_404_when_version_missing" time="0.061" /><testcase classname="backend.tests.test_approval_phase23" name="test_mandatory_attachment_helper_raises_400" time="0.336" /><testcase classname="backend.tests.test_approval_phase23" name="test_reminder_job_runs_without_errors" time="0.073" /><testcase classname="backend.tests.test_approval_phase23" name="test_lanes_returns_5_buckets" time="0.114" /><testcase classname="backend.tests.test_approval_phase23" name="test_lanes_resubmitted_lane" time="0.174" /><testcase classname="backend.tests.test_approval_phase23" name="test_analytics_basic_shape" time="0.050" /><testcase classname="backend.tests.test_approval_phase23" name="test_analytics_rbac_blocks_unauthorized" time="0.136" /><testcase classname="backend.tests.test_approval_phase23" name="test_inapp_notif_created_on_reject" time="0.505" /><testcase classname="backend.tests.test_approval_phase23" name="test_inapp_notif_unread_count" time="0.048" /></testsuite></testsuites>