<?xml version="1.0" encoding="utf-8"?><testsuites name="pytest tests"><testsuite name="pytest" errors="0" failures="0" skipped="0" tests="7" time="1.342" timestamp="2026-05-29T18:51:31.474081+00:00" hostname="agent-env-0b57986a-023a-42cd-8f4e-c698d6d250e7"><testcase classname="backend.tests.test_payroll_module" name="test_master_list_returns_200" time="0.609" /><testcase classname="backend.tests.test_payroll_module" name="test_runs_list_returns_200" time="0.053" /><testcase classname="backend.tests.test_payroll_module" name="test_payslips_list_returns_200" time="0.051" /><testcase classname="backend.tests.test_payroll_module" name="test_upsert_master_then_get" time="0.155" /><testcase classname="backend.tests.test_payroll_module" name="test_preview_computes_statutory" time="0.054" /><testcase classname="backend.tests.test_payroll_module" name="test_commit_with_advance_emi_auto_deduction" time="0.247" /><testcase classname="backend.tests.test_payroll_module" name="test_non_hr_role_blocked" time="0.113" /></testsuite></testsuites>