<?xml version="1.0" encoding="utf-8"?><testsuites name="pytest tests"><testsuite name="pytest" errors="0" failures="0" skipped="0" tests="21" time="2.196" timestamp="2026-06-05T06:22:29.060536+00:00" hostname="agent-env-0b57986a-023a-42cd-8f4e-c698d6d250e7"><testcase classname="backend.tests.test_iter61_ops_phase234.TestResourceRequests" name="test_list_resource_requests" time="0.566" /><testcase classname="backend.tests.test_iter61_ops_phase234.TestResourceRequests" name="test_create_then_submit_rr" time="0.254" /><testcase classname="backend.tests.test_iter61_ops_phase234.TestResourceRequests" name="test_invalid_resource_type_rejected" time="0.047" /><testcase classname="backend.tests.test_iter61_ops_phase234.TestResourceRequests" name="test_unknown_project_404" time="0.047" /><testcase classname="backend.tests.test_iter61_ops_phase234.TestProjectDashboard" name="test_dashboard_shape" time="0.056" /><testcase classname="backend.tests.test_iter61_ops_phase234.TestProjectDashboard" name="test_dashboard_unknown_project_404" time="0.051" /><testcase classname="backend.tests.test_iter61_ops_phase234.TestOpsReports" name="test_report_kind_returns_200_shape[pl]" time="0.092" /><testcase classname="backend.tests.test_iter61_ops_phase234.TestOpsReports" name="test_report_kind_returns_200_shape[loss_making]" time="0.106" /><testcase classname="backend.tests.test_iter61_ops_phase234.TestOpsReports" name="test_report_kind_returns_200_shape[outstanding_payments]" time="0.093" /><testcase classname="backend.tests.test_iter61_ops_phase234.TestOpsReports" name="test_report_kind_returns_200_shape[by_department]" time="0.099" /><testcase classname="backend.tests.test_iter61_ops_phase234.TestOpsReports" name="test_report_kind_returns_200_shape[by_pm]" time="0.093" /><testcase classname="backend.tests.test_iter61_ops_phase234.TestOpsReports" name="test_report_kind_returns_200_shape[pending_approvals]" time="0.052" /><testcase classname="backend.tests.test_iter61_ops_phase234.TestOpsReports" name="test_report_kind_returns_200_shape[store_pending]" time="0.049" /><testcase classname="backend.tests.test_iter61_ops_phase234.TestOpsReports" name="test_report_kind_returns_200_shape[resources]" time="0.056" /><testcase classname="backend.tests.test_iter61_ops_phase234.TestOpsReports" name="test_report_kind_returns_200_shape[material_requests]" time="0.056" /><testcase classname="backend.tests.test_iter61_ops_phase234.TestOpsReports" name="test_report_kind_returns_200_shape[purchase_requests]" time="0.068" /><testcase classname="backend.tests.test_iter61_ops_phase234.TestOpsReports" name="test_report_kind_returns_200_shape[purchase_cost]" time="0.053" /><testcase classname="backend.tests.test_iter61_ops_phase234.TestOpsReports" name="test_report_kind_returns_200_shape[manpower]" time="0.055" /><testcase classname="backend.tests.test_iter61_ops_phase234.TestOpsReports" name="test_report_kind_returns_200_shape[assets]" time="0.057" /><testcase classname="backend.tests.test_iter61_ops_phase234.TestOpsReports" name="test_invalid_kind_rejected" time="0.050" /><testcase classname="backend.tests.test_iter61_ops_phase234.TestOpsReports" name="test_pl_rows_have_financial_fields" time="0.089" /></testsuite></testsuites>