<?xml version="1.0" encoding="utf-8"?><testsuites name="pytest tests"><testsuite name="pytest" errors="0" failures="0" skipped="0" tests="24" time="3.597" timestamp="2026-05-21T15:00:20.260755+00:00" hostname="agent-env-0b57986a-023a-42cd-8f4e-c698d6d250e7"><testcase classname="backend.tests.test_iteration33_data_cleanup.TestCollectionsListing" name="test_super_admin_lists_collections" time="0.515" /><testcase classname="backend.tests.test_iteration33_data_cleanup.TestCollectionsListing" name="test_supervisor_forbidden" time="0.471" /><testcase classname="backend.tests.test_iteration33_data_cleanup.TestBrowseCollection" name="test_browse_safe_coll" time="0.083" /><testcase classname="backend.tests.test_iteration33_data_cleanup.TestBrowseCollection" name="test_browse_with_keyword" time="0.168" /><testcase classname="backend.tests.test_iteration33_data_cleanup.TestBrowseCollection" name="test_browse_with_older_than" time="0.083" /><testcase classname="backend.tests.test_iteration33_data_cleanup.TestBrowseCollection" name="test_browse_unknown_collection" time="0.076" /><testcase classname="backend.tests.test_iteration33_data_cleanup.TestBrowseCollection" name="test_browse_excluded_collection" time="0.080" /><testcase classname="backend.tests.test_iteration33_data_cleanup.TestBrowseCollection" name="test_browse_supervisor_forbidden" time="0.076" /><testcase classname="backend.tests.test_iteration33_data_cleanup.TestOrphans" name="test_orphans_for_collection_with_refs" time="0.079" /><testcase classname="backend.tests.test_iteration33_data_cleanup.TestOrphans" name="test_orphans_no_refs_collection" time="0.081" /><testcase classname="backend.tests.test_iteration33_data_cleanup.TestOrphans" name="test_orphans_supervisor_forbidden" time="0.086" /><testcase classname="backend.tests.test_iteration33_data_cleanup.TestPreviewAndDelete" name="test_preview_requires_ids" time="0.078" /><testcase classname="backend.tests.test_iteration33_data_cleanup.TestPreviewAndDelete" name="test_preview_returns_match" time="0.076" /><testcase classname="backend.tests.test_iteration33_data_cleanup.TestPreviewAndDelete" name="test_delete_wrong_confirm" time="0.074" /><testcase classname="backend.tests.test_iteration33_data_cleanup.TestPreviewAndDelete" name="test_delete_missing_confirm" time="0.084" /><testcase classname="backend.tests.test_iteration33_data_cleanup.TestPreviewAndDelete" name="test_soft_delete_archives_and_purges_original" time="0.321" /><testcase classname="backend.tests.test_iteration33_data_cleanup.TestPreviewAndDelete" name="test_archive_restore_brings_back" time="0.320" /><testcase classname="backend.tests.test_iteration33_data_cleanup.TestPreviewAndDelete" name="test_hard_purge_no_archive" time="0.251" /><testcase classname="backend.tests.test_iteration33_data_cleanup.TestPreviewAndDelete" name="test_delete_supervisor_forbidden" time="0.081" /><testcase classname="backend.tests.test_iteration33_data_cleanup.TestArchive" name="test_archive_list" time="0.093" /><testcase classname="backend.tests.test_iteration33_data_cleanup.TestArchive" name="test_archive_filter_by_collection" time="0.080" /><testcase classname="backend.tests.test_iteration33_data_cleanup.TestArchive" name="test_archive_supervisor_forbidden" time="0.081" /><testcase classname="backend.tests.test_iteration33_data_cleanup.TestArchive" name="test_purge_supervisor_forbidden" time="0.079" /><testcase classname="backend.tests.test_iteration33_data_cleanup.TestArchive" name="test_restore_supervisor_forbidden" time="0.078" /></testsuite></testsuites>