<?xml version="1.0" encoding="utf-8"?><testsuites name="pytest tests"><testsuite name="pytest" errors="0" failures="0" skipped="0" tests="7" time="2.715" timestamp="2026-06-05T10:44:30.626724+00:00" hostname="agent-env-0b57986a-023a-42cd-8f4e-c698d6d250e7"><testcase classname="backend.tests.test_iter62_sales_policy" name="test_block_direct_quotation_create" time="0.426" /><testcase classname="backend.tests.test_iter62_sales_policy" name="test_enquiry_missing_site_400" time="0.046" /><testcase classname="backend.tests.test_iter62_sales_policy" name="test_enquiry_create_auto_quote" time="0.148" /><testcase classname="backend.tests.test_iter62_sales_policy" name="test_submit_blocked_before_approval" time="0.106" /><testcase classname="backend.tests.test_iter62_sales_policy" name="test_full_approval_then_submit_and_won_sync" time="1.131" /><testcase classname="backend.tests.test_iter62_sales_policy" name="test_put_strips_server_managed_fields" time="0.155" /><testcase classname="backend.tests.test_iter62_sales_policy" name="test_reject_path_quote_status_preserved" time="0.615" /></testsuite></testsuites>