<?xml version="1.0" encoding="utf-8"?><testsuites name="pytest tests"><testsuite name="pytest" errors="0" failures="1" skipped="0" tests="17" time="3.126" timestamp="2026-05-21T14:32:59.392299+00:00" hostname="agent-env-0b57986a-023a-42cd-8f4e-c698d6d250e7"><testcase classname="backend.tests.test_iteration32_procurement_master.TestCategories" name="test_list_seeded_10" time="0.613" /><testcase classname="backend.tests.test_iteration32_procurement_master.TestCategories" name="test_any_user_can_read" time="0.485" /><testcase classname="backend.tests.test_iteration32_procurement_master.TestCategories" name="test_create_lowercase_code_uppercased" time="0.078" /><testcase classname="backend.tests.test_iteration32_procurement_master.TestCategories" name="test_duplicate_code_400" time="0.075" /><testcase classname="backend.tests.test_iteration32_procurement_master.TestCategories" name="test_rbac_sales_cannot_write" time="0.074" /><testcase classname="backend.tests.test_iteration32_procurement_master.TestCategories" name="test_update_code_cascade" time="0.235" /><testcase classname="backend.tests.test_iteration32_procurement_master.TestCategories" name="test_delete_with_links_400" time="0.082" /><testcase classname="backend.tests.test_iteration32_procurement_master.TestCategories" name="test_delete_after_unlink" time="0.164" /><testcase classname="backend.tests.test_iteration32_procurement_master.TestItems" name="test_create_with_invalid_category_400" time="0.073" /><testcase classname="backend.tests.test_iteration32_procurement_master.TestItems" name="test_create_autofills_category_meta" time="0.171" /><testcase classname="backend.tests.test_iteration32_procurement_master.TestItems" name="test_list_filter_by_category" time="0.155" /><testcase classname="backend.tests.test_iteration32_procurement_master.TestItems" name="test_delete_cleanup" time="0.079" /><testcase classname="backend.tests.test_iteration32_procurement_master.TestCostCenters" name="test_auto_provision_creates_per_category" time="0.179" /><testcase classname="backend.tests.test_iteration32_procurement_master.TestCostCenters" name="test_auto_provision_idempotent" time="0.085" /><testcase classname="backend.tests.test_iteration32_procurement_master.TestCostCenters" name="test_manual_create_duplicate_pair_400" time="0.152" /><testcase classname="backend.tests.test_iteration32_procurement_master.TestPrDropdowns" name="test_shape" time="0.084" /><testcase classname="backend.tests.test_iteration32_procurement_master.TestPrCostCenterStamp" name="test_create_pr_stamps_cc" time="0.233"><failure message="AssertionError: PR create failed: 400 {&quot;detail&quot;:&quot;priority must be high|medium|low&quot;}&#10;assert 400 in (200, 201)&#10; +  where 400 = &lt;Response [400]&gt;.status_code">backend/tests/test_iteration32_procurement_master.py:219: in test_create_pr_stamps_cc
    assert r.status_code in (200, 201), f"PR create failed: {r.status_code} {r.text}"
E   AssertionError: PR create failed: 400 {"detail":"priority must be high|medium|low"}
E   assert 400 in (200, 201)
E    +  where 400 = &lt;Response [400]&gt;.status_code</failure></testcase></testsuite></testsuites>