<?xml version="1.0" encoding="utf-8"?><testsuites name="pytest tests"><testsuite name="pytest" errors="0" failures="0" skipped="0" tests="18" time="3.085" timestamp="2026-05-29T18:52:50.525298+00:00" hostname="agent-env-0b57986a-023a-42cd-8f4e-c698d6d250e7"><testcase classname="backend.tests.test_payroll_module" name="test_master_list_returns_200" time="0.451" /><testcase classname="backend.tests.test_payroll_module" name="test_runs_list_returns_200" time="0.053" /><testcase classname="backend.tests.test_payroll_module" name="test_payslips_list_returns_200" time="0.056" /><testcase classname="backend.tests.test_payroll_module" name="test_upsert_master_then_get" time="0.164" /><testcase classname="backend.tests.test_payroll_module" name="test_preview_computes_statutory" time="0.049" /><testcase classname="backend.tests.test_payroll_module" name="test_commit_with_advance_emi_auto_deduction" time="0.192" /><testcase classname="backend.tests.test_payroll_module" name="test_non_hr_role_blocked" time="0.115" /><testcase classname="backend.tests.test_iteration49_payroll_extra" name="test_payroll_me_admin_returns_linked_false" time="0.393" /><testcase classname="backend.tests.test_iteration49_payroll_extra" name="test_get_payslip_round_trip" time="0.284" /><testcase classname="backend.tests.test_iteration49_payroll_extra" name="test_override_sets_advance_emi_to_zero" time="0.283" /><testcase classname="backend.tests.test_iteration49_payroll_extra" name="test_preview_without_skip_returns_preflight_failed" time="0.058" /><testcase classname="backend.tests.test_iteration49_payroll_extra" name="test_unauthenticated_master_returns_401" time="0.112" /><testcase classname="backend.tests.test_iteration49_payroll_extra" name="test_vendor_role_blocked_on_master_and_preview" time="0.432" /><testcase classname="backend.tests.test_iteration49_payroll_extra" name="test_regression_department_master_lists_core_depts" time="0.059" /><testcase classname="backend.tests.test_iteration49_payroll_extra" name="test_regression_dept_gov_payroll_check" time="0.056" /><testcase classname="backend.tests.test_iteration49_payroll_extra" name="test_regression_advances_list_has_dept_doc_no_or_empty" time="0.064" /><testcase classname="backend.tests.test_iteration49_payroll_extra" name="test_regression_dashboard_hr_has_payroll_tile" time="0.067" /><testcase classname="backend.tests.test_iteration49_payroll_extra" name="test_regression_store_tx_requires_pr_or_allocation" time="0.051" /></testsuite></testsuites>