<?xml version="1.0" encoding="utf-8"?><testsuites name="pytest tests"><testsuite name="pytest" errors="0" failures="0" skipped="0" tests="19" time="2.114" timestamp="2026-05-19T10:04:31.385976+00:00" hostname="agent-env-0b57986a-023a-42cd-8f4e-c698d6d250e7"><testcase classname="backend.tests.test_phase_b_sales.TestRegressionPhaseA" name="test_auth_me" time="0.430" /><testcase classname="backend.tests.test_phase_b_sales.TestRegressionPhaseA" name="test_dashboard_stats" time="0.054" /><testcase classname="backend.tests.test_phase_b_sales.TestRegressionPhaseA" name="test_admin_approval_matrix" time="0.047" /><testcase classname="backend.tests.test_phase_b_sales.TestEnquiryCreate" name="test_create_enquiry_auto_number" time="0.050" /><testcase classname="backend.tests.test_phase_b_sales.TestEnquiryCreate" name="test_create_second_enquiry_sequence_increments" time="0.048" /><testcase classname="backend.tests.test_phase_b_sales.TestEnquiryCreate" name="test_invalid_service_type_400" time="0.049" /><testcase classname="backend.tests.test_phase_b_sales.TestEnquiryStatusTransitions" name="test_open_to_under_review_allowed" time="0.053" /><testcase classname="backend.tests.test_phase_b_sales.TestEnquiryStatusTransitions" name="test_under_review_to_open_forbidden" time="0.049" /><testcase classname="backend.tests.test_phase_b_sales.TestEnquiryStatusTransitions" name="test_invalid_status_value_400" time="0.050" /><testcase classname="backend.tests.test_phase_b_sales.TestEnquiryStatusTransitions" name="test_chain_to_won" time="0.198" /><testcase classname="backend.tests.test_phase_b_sales.TestEnquiryStatusTransitions" name="test_won_to_anything_forbidden" time="0.063" /><testcase classname="backend.tests.test_phase_b_sales.TestEnquiryStatusTransitions" name="test_lost_terminal" time="0.195" /><testcase classname="backend.tests.test_phase_b_sales.TestEnquiryConvert" name="test_convert_requires_won" time="0.046" /><testcase classname="backend.tests.test_phase_b_sales.TestEnquiryConvert" name="test_convert_won_creates_order_and_project" time="0.100" /><testcase classname="backend.tests.test_phase_b_sales.TestEnquiryConvert" name="test_double_convert_returns_409" time="0.047" /><testcase classname="backend.tests.test_phase_b_sales.TestOrders" name="test_list_orders_includes_converted" time="0.048" /><testcase classname="backend.tests.test_phase_b_sales.TestQuotationRevisions" name="test_create_quotation_then_revise" time="0.145" /><testcase classname="backend.tests.test_phase_b_sales.TestQuotationRevisions" name="test_list_revisions_sorted_asc" time="0.048" /><testcase classname="backend.tests.test_phase_b_sales.TestQuotationRevisions" name="test_revise_unknown_id_404" time="0.297" /></testsuite></testsuites>