<?xml version="1.0" encoding="utf-8"?><testsuites name="pytest tests"><testsuite name="pytest" errors="0" failures="0" skipped="0" tests="69" time="15.052" timestamp="2026-05-19T11:17:59.412270+00:00" hostname="agent-env-0b57986a-023a-42cd-8f4e-c698d6d250e7"><testcase classname="backend.tests.test_phase_a_admin.TestLoginActivity" name="test_login_writes_login_activity_and_audit" time="1.278" /><testcase classname="backend.tests.test_phase_a_admin.TestApprovalMatrix" name="test_list_returns_six_defaults" time="0.100" /><testcase classname="backend.tests.test_phase_a_admin.TestApprovalMatrix" name="test_override_then_reset" time="0.199" /><testcase classname="backend.tests.test_phase_a_admin.TestApprovalMatrix" name="test_unknown_role_rejected" time="0.046" /><testcase classname="backend.tests.test_phase_a_admin.TestApprovalMatrix" name="test_create_approval_uses_overridden_chain" time="0.198" /><testcase classname="backend.tests.test_phase_a_admin.TestDropdowns" name="test_create_list_filter_update_delete" time="0.305" /><testcase classname="backend.tests.test_phase_a_admin.TestDepartments" name="test_super_admin_can_create_and_audit_logged" time="0.196" /><testcase classname="backend.tests.test_phase_a_admin.TestRBAC" name="test_site_engineer_forbidden" time="0.565" /><testcase classname="backend.tests.test_phase_a_admin.TestRBAC" name="test_categories_read_open_to_authenticated" time="0.105" /><testcase classname="backend.tests.test_phase_a_admin.TestAuditFilters" name="test_filter_by_resource_and_action" time="0.205" /><testcase classname="backend.tests.test_phase_a_admin.TestRegression" name="test_clients_crud_still_works" time="0.201" /><testcase classname="backend.tests.test_phase_a_admin.TestRegression" name="test_approval_action_after_async_build_chain" time="0.150" /><testcase classname="backend.tests.test_phase_b_sales.TestRegressionPhaseA" name="test_auth_me" time="0.404" /><testcase classname="backend.tests.test_phase_b_sales.TestRegressionPhaseA" name="test_dashboard_stats" time="0.061" /><testcase classname="backend.tests.test_phase_b_sales.TestRegressionPhaseA" name="test_admin_approval_matrix" time="0.049" /><testcase classname="backend.tests.test_phase_b_sales.TestEnquiryCreate" name="test_create_enquiry_auto_number" time="0.047" /><testcase classname="backend.tests.test_phase_b_sales.TestEnquiryCreate" name="test_create_second_enquiry_sequence_increments" time="0.050" /><testcase classname="backend.tests.test_phase_b_sales.TestEnquiryCreate" name="test_invalid_service_type_400" time="0.047" /><testcase classname="backend.tests.test_phase_b_sales.TestEnquiryStatusTransitions" name="test_open_to_under_review_allowed" time="0.049" /><testcase classname="backend.tests.test_phase_b_sales.TestEnquiryStatusTransitions" name="test_under_review_to_open_forbidden" time="0.047" /><testcase classname="backend.tests.test_phase_b_sales.TestEnquiryStatusTransitions" name="test_invalid_status_value_400" time="0.047" /><testcase classname="backend.tests.test_phase_b_sales.TestEnquiryStatusTransitions" name="test_chain_to_won" time="0.206" /><testcase classname="backend.tests.test_phase_b_sales.TestEnquiryStatusTransitions" name="test_won_to_anything_forbidden" time="0.048" /><testcase classname="backend.tests.test_phase_b_sales.TestEnquiryStatusTransitions" name="test_lost_terminal" time="0.203" /><testcase classname="backend.tests.test_phase_b_sales.TestEnquiryConvert" name="test_convert_requires_won" time="0.046" /><testcase classname="backend.tests.test_phase_b_sales.TestEnquiryConvert" name="test_convert_won_creates_order_and_project" time="0.096" /><testcase classname="backend.tests.test_phase_b_sales.TestEnquiryConvert" name="test_double_convert_returns_409" time="0.046" /><testcase classname="backend.tests.test_phase_b_sales.TestOrders" name="test_list_orders_includes_converted" time="0.049" /><testcase classname="backend.tests.test_phase_b_sales.TestQuotationRevisions" name="test_create_quotation_then_revise" time="0.153" /><testcase classname="backend.tests.test_phase_b_sales.TestQuotationRevisions" name="test_list_revisions_sorted_asc" time="0.046" /><testcase classname="backend.tests.test_phase_b_sales.TestQuotationRevisions" name="test_revise_unknown_id_404" time="0.053" /><testcase classname="backend.tests.test_phase_cdef.TestPhaseCStore" name="test_inward_increases_qty_and_returns_balance" time="0.581" /><testcase classname="backend.tests.test_phase_cdef.TestPhaseCStore" name="test_outward_above_threshold_creates_approval" time="0.145" /><testcase classname="backend.tests.test_phase_cdef.TestPhaseCStore" name="test_overdraft_returns_400" time="0.047" /><testcase classname="backend.tests.test_phase_cdef.TestPhaseCStore" name="test_scrap_below_threshold_decrements" time="0.141" /><testcase classname="backend.tests.test_phase_cdef.TestPhaseCStore" name="test_lookup_by_sku_and_barcode_and_id" time="0.186" /><testcase classname="backend.tests.test_phase_cdef.TestPhaseCStore" name="test_list_filters" time="0.048" /><testcase classname="backend.tests.test_phase_cdef.TestPhaseDSafety" name="test_crud_super_admin[ppe-issuance-payload0]" time="0.205" /><testcase classname="backend.tests.test_phase_cdef.TestPhaseDSafety" name="test_crud_super_admin[ptws-payload1]" time="0.195" /><testcase classname="backend.tests.test_phase_cdef.TestPhaseDSafety" name="test_crud_super_admin[safety-trainings-payload2]" time="0.195" /><testcase classname="backend.tests.test_phase_cdef.TestPhaseDSafety" name="test_crud_super_admin[toolbox-talks-payload3]" time="0.193" /><testcase classname="backend.tests.test_phase_cdef.TestPhaseDSafety" name="test_site_engineer_can_read_but_not_delete[ppe-issuance-payload0]" time="0.525" /><testcase classname="backend.tests.test_phase_cdef.TestPhaseDSafety" name="test_site_engineer_can_read_but_not_delete[ptws-payload1]" time="0.184" /><testcase classname="backend.tests.test_phase_cdef.TestPhaseDSafety" name="test_site_engineer_can_read_but_not_delete[safety-trainings-payload2]" time="0.205" /><testcase classname="backend.tests.test_phase_cdef.TestPhaseDSafety" name="test_site_engineer_can_read_but_not_delete[toolbox-talks-payload3]" time="0.219" /><testcase classname="backend.tests.test_phase_cdef" name="test_phase_e_admin_crud[recruitment-requests-payload0]" time="0.188" /><testcase classname="backend.tests.test_phase_cdef" name="test_phase_e_admin_crud[candidates-payload1]" time="0.193" /><testcase classname="backend.tests.test_phase_cdef" name="test_phase_e_admin_crud[deployments-payload2]" time="0.191" /><testcase classname="backend.tests.test_phase_cdef" name="test_phase_e_admin_crud[accommodations-payload3]" time="0.210" /><testcase classname="backend.tests.test_phase_cdef" name="test_phase_e_admin_crud[overtime-payload4]" time="0.186" /><testcase classname="backend.tests.test_phase_cdef" name="test_candidates_restricted_for_site_engineer" time="0.055" /><testcase classname="backend.tests.test_phase_cdef" name="test_recruitment_requests_readable_by_site_engineer" time="0.050" /><testcase classname="backend.tests.test_phase_cdef.TestPhaseFVendor" name="test_me_without_vendor_link_404" time="0.047" /><testcase classname="backend.tests.test_phase_cdef.TestPhaseFVendor" name="test_evaluation_rolling_average" time="0.234" /><testcase classname="backend.tests.test_phase_cdef.TestPhaseFVendor" name="test_evaluation_rbac_site_engineer_forbidden" time="0.147" /><testcase classname="backend.tests.test_phase_cdef.TestPhaseFVendor" name="test_invoice_submit_for_linked_admin_uses_vendor_id" time="0.047" /><testcase classname="backend.tests.test_phase_cdef" name="test_regression_auth_me" time="0.046" /><testcase classname="backend.tests.test_phase_cdef" name="test_regression_dashboard_summary" time="0.055" /><testcase classname="backend.tests.test_phase_cdef" name="test_regression_enquiries_list" time="0.053" /><testcase classname="backend.tests.test_phase_cdef" name="test_regression_orders_list" time="0.049" /><testcase classname="backend.tests.test_iteration10_pwa_expiry.TestExpiryScan" name="test_returns_new_nested_shape" time="1.412" /><testcase classname="backend.tests.test_iteration10_pwa_expiry.TestExpiryScan" name="test_flags_expired_and_within_30_days" time="0.867" /><testcase classname="backend.tests.test_iteration10_pwa_expiry.TestExpiryScan" name="test_far_future_not_flagged_as_due" time="0.775" /><testcase classname="backend.tests.test_iteration10_pwa_expiry.TestExpiryScan" name="test_dispatch_recipients_count" time="0.820" /><testcase classname="backend.tests.test_iteration10_pwa_expiry.TestExpiryScan" name="test_rbac_non_admin_forbidden" time="0.115" /><testcase classname="backend.tests.test_iteration10_pwa_expiry.TestScheduler" name="test_scheduler_status_has_both_jobs" time="0.042" /><testcase classname="backend.tests.test_iteration10_pwa_expiry.TestPWAStatic" name="test_manifest_json" time="0.120" /><testcase classname="backend.tests.test_iteration10_pwa_expiry.TestPWAStatic" name="test_service_worker_js" time="0.128" /><testcase classname="backend.tests.test_iteration10_pwa_expiry.TestPWAStatic" name="test_api_routing_not_intercepted_by_sw" time="0.468" /></testsuite></testsuites>