<?xml version="1.0" encoding="utf-8"?><testsuites name="pytest tests"><testsuite name="pytest" errors="0" failures="0" skipped="1" tests="22" time="4.503" timestamp="2026-06-02T14:00:43.055901+00:00" hostname="agent-env-0b57986a-023a-42cd-8f4e-c698d6d250e7"><testcase classname="backend.tests.test_iter55_vendor_pdf" name="test_create_vendor_draft_auto_code" time="0.584" /><testcase classname="backend.tests.test_iter55_vendor_pdf" name="test_duplicate_gst_returns_400" time="0.105" /><testcase classname="backend.tests.test_iter55_vendor_pdf" name="test_duplicate_pan_returns_400" time="0.110" /><testcase classname="backend.tests.test_iter55_vendor_pdf" name="test_list_vendors_and_filters" time="0.160" /><testcase classname="backend.tests.test_iter55_vendor_pdf" name="test_get_vendor" time="0.053" /><testcase classname="backend.tests.test_iter55_vendor_pdf" name="test_put_draft_allowed" time="0.051" /><testcase classname="backend.tests.test_iter55_vendor_pdf" name="test_vendor_categories_endpoint" time="0.049" /><testcase classname="backend.tests.test_iter55_vendor_pdf" name="test_submit_missing_essentials_returns_400" time="0.115" /><testcase classname="backend.tests.test_iter55_vendor_pdf" name="test_submit_vendor_creates_approval" time="0.172" /><testcase classname="backend.tests.test_iter55_vendor_pdf" name="test_put_pending_approval_blocked_for_non_admin" time="0.437" /><testcase classname="backend.tests.test_iter55_vendor_pdf" name="test_delete_blocked_for_approved" time="0.212" /><testcase classname="backend.tests.test_iter55_vendor_pdf" name="test_status_override_transitions" time="0.164" /><testcase classname="backend.tests.test_iter55_vendor_pdf" name="test_status_override_non_admin_403" time="0.391" /><testcase classname="backend.tests.test_iter55_vendor_pdf" name="test_pr_pdf" time="0.308" /><testcase classname="backend.tests.test_iter55_vendor_pdf" name="test_rfq_pdf" time="0.178" /><testcase classname="backend.tests.test_iter55_vendor_pdf" name="test_rfq_comparative_pdf" time="0.183" /><testcase classname="backend.tests.test_iter55_vendor_pdf" name="test_po_pdf" time="0.056"><skipped type="pytest.skip" message="no POs">/app/backend/tests/test_iter55_vendor_pdf.py:249: no POs</skipped></testcase><testcase classname="backend.tests.test_iter55_vendor_pdf" name="test_grn_pdf" time="0.197" /><testcase classname="backend.tests.test_iter55_vendor_pdf" name="test_store_transaction_pdf" time="0.189" /><testcase classname="backend.tests.test_iter55_vendor_pdf" name="test_pdf_404_for_unknown" time="0.052" /><testcase classname="backend.tests.test_iter55_vendor_pdf" name="test_pdf_401_unauth" time="0.118" /><testcase classname="backend.tests.test_iter55_vendor_pdf" name="test_cleanup_drafts" time="0.510" /></testsuite></testsuites>