<?xml version="1.0" encoding="utf-8"?><testsuites name="pytest tests"><testsuite name="pytest" errors="0" failures="0" skipped="1" tests="19" time="4.246" timestamp="2026-05-29T18:16:52.994483+00:00" hostname="agent-env-0b57986a-023a-42cd-8f4e-c698d6d250e7"><testcase classname="tests.test_iteration47_dept_scope.TestAdvanceDeptStamping" name="test_seed_employee_and_type" time="1.949" /><testcase classname="tests.test_iteration47_dept_scope.TestAdvanceDeptStamping" name="test_create_advance_stamps_dept_no" time="0.053" /><testcase classname="tests.test_iteration47_dept_scope.TestAdvanceDeptStamping" name="test_second_advance_increments_counter" time="0.055" /><testcase classname="tests.test_iteration47_dept_scope.TestDepartmentMaster" name="test_list_returns_9_seeded" time="0.049" /><testcase classname="tests.test_iteration47_dept_scope.TestDepartmentMaster" name="test_non_admin_cannot_create_403" time="0.049" /><testcase classname="tests.test_iteration47_dept_scope.TestDepartmentMaster" name="test_admin_create_then_duplicate_409" time="0.096" /><testcase classname="tests.test_iteration47_dept_scope.TestDepartmentMaster" name="test_put_and_items_endpoints" time="0.215" /><testcase classname="tests.test_iteration47_dept_scope.TestDepartmentMaster" name="test_delete_builtin_blocked" time="0.095" /><testcase classname="tests.test_iteration47_dept_scope.TestDepartmentMaster" name="test_delete_custom_ok" time="0.050" /><testcase classname="tests.test_iteration47_dept_scope.TestProcurementStamping" name="test_pr_stamps_dept_no" time="0.056" /><testcase classname="tests.test_iteration47_dept_scope.TestProcurementStamping" name="test_rfq_stamps_dept_no" time="0.047"><skipped type="pytest.skip" message="RFQ create payload mismatch: 422 {&quot;detail&quot;:[{&quot;type&quot;:&quot;missing&quot;,&quot;loc&quot;:[&quot;body&quot;,&quot;pr_id&quot;],&quot;msg&quot;:&quot;Field required&quot;,&quot;input&quot;:{&quot;items&quot;:[{&quot;name&quot;:&quot;nut&quot;,&quot;description&quot;">/app/backend/tests/test_iteration47_dept_scope.py:211: RFQ create payload mismatch: 422 {"detail":[{"type":"missing","loc":["body","pr_id"],"msg":"Field required","input":{"items":[{"name":"nut","description"</skipped></testcase><testcase classname="tests.test_iteration47_dept_scope.TestSalesStamping" name="test_enquiry_stamps" time="0.055" /><testcase classname="tests.test_iteration47_dept_scope.TestSiteExecStamping" name="test_dpr_stamps" time="0.101" /><testcase classname="tests.test_iteration47_dept_scope.TestReceivablesStamping" name="test_payment_in_stamps" time="0.054" /><testcase classname="tests.test_iteration47_dept_scope.TestScoping" name="test_super_admin_sees_all_employees" time="0.048" /><testcase classname="tests.test_iteration47_dept_scope.TestScoping" name="test_project_manager_employees_scoped" time="0.049" /><testcase classname="tests.test_iteration47_dept_scope.TestScoping" name="test_project_manager_advances_scoped" time="0.098" /><testcase classname="tests.test_iteration47_dept_scope.TestScoping" name="test_project_manager_project_scoped_collections" time="1.027" /><testcase classname="tests.test_iteration47_dept_scope.TestRegression" name="test_advance_legacy_numbering_intact" time="0.000" /></testsuite></testsuites>