<?xml version="1.0" encoding="utf-8"?><testsuites name="pytest tests"><testsuite name="pytest" errors="0" failures="0" skipped="0" tests="12" time="4.590" timestamp="2026-05-19T09:49:33.768122+00:00" hostname="agent-env-0b57986a-023a-42cd-8f4e-c698d6d250e7"><testcase classname="backend.tests.test_phase_a_admin.TestLoginActivity" name="test_login_writes_login_activity_and_audit" time="1.450" /><testcase classname="backend.tests.test_phase_a_admin.TestApprovalMatrix" name="test_list_returns_six_defaults" time="0.097" /><testcase classname="backend.tests.test_phase_a_admin.TestApprovalMatrix" name="test_override_then_reset" time="0.183" /><testcase classname="backend.tests.test_phase_a_admin.TestApprovalMatrix" name="test_unknown_role_rejected" time="0.044" /><testcase classname="backend.tests.test_phase_a_admin.TestApprovalMatrix" name="test_create_approval_uses_overridden_chain" time="0.230" /><testcase classname="backend.tests.test_phase_a_admin.TestDropdowns" name="test_create_list_filter_update_delete" time="0.279" /><testcase classname="backend.tests.test_phase_a_admin.TestDepartments" name="test_super_admin_can_create_and_audit_logged" time="0.183" /><testcase classname="backend.tests.test_phase_a_admin.TestRBAC" name="test_site_engineer_forbidden" time="1.260" /><testcase classname="backend.tests.test_phase_a_admin.TestRBAC" name="test_categories_read_open_to_authenticated" time="0.219" /><testcase classname="backend.tests.test_phase_a_admin.TestAuditFilters" name="test_filter_by_resource_and_action" time="0.225" /><testcase classname="backend.tests.test_phase_a_admin.TestRegression" name="test_clients_crud_still_works" time="0.187" /><testcase classname="backend.tests.test_phase_a_admin.TestRegression" name="test_approval_action_after_async_build_chain" time="0.139" /></testsuite></testsuites>