<?xml version="1.0" encoding="utf-8"?><testsuites name="pytest tests"><testsuite name="pytest" errors="0" failures="0" skipped="0" tests="29" time="4.783" timestamp="2026-05-19T10:22:33.254418+00:00" hostname="agent-env-0b57986a-023a-42cd-8f4e-c698d6d250e7"><testcase classname="backend.tests.test_phase_cdef.TestPhaseCStore" name="test_inward_increases_qty_and_returns_balance" time="0.627" /><testcase classname="backend.tests.test_phase_cdef.TestPhaseCStore" name="test_outward_above_threshold_creates_approval" time="0.149" /><testcase classname="backend.tests.test_phase_cdef.TestPhaseCStore" name="test_overdraft_returns_400" time="0.047" /><testcase classname="backend.tests.test_phase_cdef.TestPhaseCStore" name="test_scrap_below_threshold_decrements" time="0.131" /><testcase classname="backend.tests.test_phase_cdef.TestPhaseCStore" name="test_lookup_by_sku_and_barcode_and_id" time="0.183" /><testcase classname="backend.tests.test_phase_cdef.TestPhaseCStore" name="test_list_filters" time="0.044" /><testcase classname="backend.tests.test_phase_cdef.TestPhaseDSafety" name="test_crud_super_admin[ppe-issuance-payload0]" time="0.181" /><testcase classname="backend.tests.test_phase_cdef.TestPhaseDSafety" name="test_crud_super_admin[ptws-payload1]" time="0.182" /><testcase classname="backend.tests.test_phase_cdef.TestPhaseDSafety" name="test_crud_super_admin[safety-trainings-payload2]" time="0.183" /><testcase classname="backend.tests.test_phase_cdef.TestPhaseDSafety" name="test_crud_super_admin[toolbox-talks-payload3]" time="0.182" /><testcase classname="backend.tests.test_phase_cdef.TestPhaseDSafety" name="test_site_engineer_can_read_but_not_delete[ppe-issuance-payload0]" time="0.545" /><testcase classname="backend.tests.test_phase_cdef.TestPhaseDSafety" name="test_site_engineer_can_read_but_not_delete[ptws-payload1]" time="0.180" /><testcase classname="backend.tests.test_phase_cdef.TestPhaseDSafety" name="test_site_engineer_can_read_but_not_delete[safety-trainings-payload2]" time="0.191" /><testcase classname="backend.tests.test_phase_cdef.TestPhaseDSafety" name="test_site_engineer_can_read_but_not_delete[toolbox-talks-payload3]" time="0.180" /><testcase classname="backend.tests.test_phase_cdef" name="test_phase_e_admin_crud[recruitment-requests-payload0]" time="0.181" /><testcase classname="backend.tests.test_phase_cdef" name="test_phase_e_admin_crud[candidates-payload1]" time="0.183" /><testcase classname="backend.tests.test_phase_cdef" name="test_phase_e_admin_crud[deployments-payload2]" time="0.178" /><testcase classname="backend.tests.test_phase_cdef" name="test_phase_e_admin_crud[accommodations-payload3]" time="0.182" /><testcase classname="backend.tests.test_phase_cdef" name="test_phase_e_admin_crud[overtime-payload4]" time="0.176" /><testcase classname="backend.tests.test_phase_cdef" name="test_candidates_restricted_for_site_engineer" time="0.048" /><testcase classname="backend.tests.test_phase_cdef" name="test_recruitment_requests_readable_by_site_engineer" time="0.047" /><testcase classname="backend.tests.test_phase_cdef.TestPhaseFVendor" name="test_me_without_vendor_link_404" time="0.047" /><testcase classname="backend.tests.test_phase_cdef.TestPhaseFVendor" name="test_evaluation_rolling_average" time="0.226" /><testcase classname="backend.tests.test_phase_cdef.TestPhaseFVendor" name="test_evaluation_rbac_site_engineer_forbidden" time="0.137" /><testcase classname="backend.tests.test_phase_cdef.TestPhaseFVendor" name="test_invoice_submit_for_linked_admin_uses_vendor_id" time="0.047" /><testcase classname="backend.tests.test_phase_cdef" name="test_regression_auth_me" time="0.044" /><testcase classname="backend.tests.test_phase_cdef" name="test_regression_dashboard_summary" time="0.052" /><testcase classname="backend.tests.test_phase_cdef" name="test_regression_enquiries_list" time="0.043" /><testcase classname="backend.tests.test_phase_cdef" name="test_regression_orders_list" time="0.087" /></testsuite></testsuites>