<?xml version="1.0" encoding="utf-8"?><testsuites name="pytest tests"><testsuite name="pytest" errors="0" failures="0" skipped="1" tests="14" time="3.896" timestamp="2026-06-05T11:29:51.459501+00:00" hostname="agent-env-0b57986a-023a-42cd-8f4e-c698d6d250e7"><testcase classname="backend.tests.test_iter63_approval_docs_gate.TestQuotationSendForApprovalGate" name="test_a_block_when_empty_body" time="0.670" /><testcase classname="backend.tests.test_iter63_approval_docs_gate.TestQuotationSendForApprovalGate" name="test_b_block_when_na_reason_too_short" time="0.105" /><testcase classname="backend.tests.test_iter63_approval_docs_gate.TestQuotationSendForApprovalGate" name="test_c_accept_when_na_with_valid_reason" time="0.530" /><testcase classname="backend.tests.test_iter63_approval_docs_gate.TestQuotationSendForApprovalGate" name="test_d_accept_when_documents_provided" time="0.461" /><testcase classname="backend.tests.test_iter63_approval_docs_gate.TestGenericApprovalsCreateGate" name="test_block_without_docs" time="0.052" /><testcase classname="backend.tests.test_iter63_approval_docs_gate.TestGenericApprovalsCreateGate" name="test_accept_with_na_reason" time="0.046" /><testcase classname="backend.tests.test_iter63_approval_docs_gate.TestPurchaseRequisitionSubmitGate" name="test_pr_submit_blocks_without_docs" time="0.123" /><testcase classname="backend.tests.test_iter63_approval_docs_gate.TestPurchaseRequisitionSubmitGate" name="test_pr_submit_accepts_with_na" time="0.103" /><testcase classname="backend.tests.test_iter63_approval_docs_gate.TestResourceRequestSubmitGate" name="test_rr_submit_blocks_without_docs" time="0.163" /><testcase classname="backend.tests.test_iter63_approval_docs_gate.TestResourceRequestSubmitGate" name="test_rr_submit_accepts_with_na" time="0.154" /><testcase classname="backend.tests.test_iter63_approval_docs_gate.TestQuotationBuilderSubmitGate" name="test_qb_submit_blocks_without_docs" time="0.106" /><testcase classname="backend.tests.test_iter63_approval_docs_gate.TestVendorAutoNA" name="test_vendor_submit_auto_marks_na" time="0.152" /><testcase classname="backend.tests.test_iter63_approval_docs_gate.TestClientAutoNA" name="test_client_submit_auto_marks_na" time="0.099"><skipped type="pytest.skip" message="Client submit endpoint not present">/app/backend/tests/test_iter63_approval_docs_gate.py:296: Client submit endpoint not present</skipped></testcase><testcase classname="backend.tests.test_iter63_approval_docs_gate.TestRejectAndResendGate" name="test_reject_then_resend_enforces_gate" time="1.039" /></testsuite></testsuites>