<?xml version="1.0" encoding="utf-8"?><testsuites name="pytest tests"><testsuite name="pytest" errors="0" failures="0" skipped="0" tests="60" time="10.544" timestamp="2026-05-19T11:06:11.299618+00:00" hostname="agent-env-0b57986a-023a-42cd-8f4e-c698d6d250e7"><testcase classname="backend.tests.test_phase_a_admin.TestLoginActivity" name="test_login_writes_login_activity_and_audit" time="1.301" /><testcase classname="backend.tests.test_phase_a_admin.TestApprovalMatrix" name="test_list_returns_six_defaults" time="0.097" /><testcase classname="backend.tests.test_phase_a_admin.TestApprovalMatrix" name="test_override_then_reset" time="0.192" /><testcase classname="backend.tests.test_phase_a_admin.TestApprovalMatrix" name="test_unknown_role_rejected" time="0.053" /><testcase classname="backend.tests.test_phase_a_admin.TestApprovalMatrix" name="test_create_approval_uses_overridden_chain" time="0.206" /><testcase classname="backend.tests.test_phase_a_admin.TestDropdowns" name="test_create_list_filter_update_delete" time="0.294" /><testcase classname="backend.tests.test_phase_a_admin.TestDepartments" name="test_super_admin_can_create_and_audit_logged" time="0.192" /><testcase classname="backend.tests.test_phase_a_admin.TestRBAC" name="test_site_engineer_forbidden" time="0.506" /><testcase classname="backend.tests.test_phase_a_admin.TestRBAC" name="test_categories_read_open_to_authenticated" time="0.096" /><testcase classname="backend.tests.test_phase_a_admin.TestAuditFilters" name="test_filter_by_resource_and_action" time="0.201" /><testcase classname="backend.tests.test_phase_a_admin.TestRegression" name="test_clients_crud_still_works" time="0.189" /><testcase classname="backend.tests.test_phase_a_admin.TestRegression" name="test_approval_action_after_async_build_chain" time="0.142" /><testcase classname="backend.tests.test_phase_b_sales.TestRegressionPhaseA" name="test_auth_me" time="0.376" /><testcase classname="backend.tests.test_phase_b_sales.TestRegressionPhaseA" name="test_dashboard_stats" time="0.053" /><testcase classname="backend.tests.test_phase_b_sales.TestRegressionPhaseA" name="test_admin_approval_matrix" time="0.049" /><testcase classname="backend.tests.test_phase_b_sales.TestEnquiryCreate" name="test_create_enquiry_auto_number" time="0.050" /><testcase classname="backend.tests.test_phase_b_sales.TestEnquiryCreate" name="test_create_second_enquiry_sequence_increments" time="0.050" /><testcase classname="backend.tests.test_phase_b_sales.TestEnquiryCreate" name="test_invalid_service_type_400" time="0.048" /><testcase classname="backend.tests.test_phase_b_sales.TestEnquiryStatusTransitions" name="test_open_to_under_review_allowed" time="0.052" /><testcase classname="backend.tests.test_phase_b_sales.TestEnquiryStatusTransitions" name="test_under_review_to_open_forbidden" time="0.046" /><testcase classname="backend.tests.test_phase_b_sales.TestEnquiryStatusTransitions" name="test_invalid_status_value_400" time="0.047" /><testcase classname="backend.tests.test_phase_b_sales.TestEnquiryStatusTransitions" name="test_chain_to_won" time="0.197" /><testcase classname="backend.tests.test_phase_b_sales.TestEnquiryStatusTransitions" name="test_won_to_anything_forbidden" time="0.048" /><testcase classname="backend.tests.test_phase_b_sales.TestEnquiryStatusTransitions" name="test_lost_terminal" time="0.205" /><testcase classname="backend.tests.test_phase_b_sales.TestEnquiryConvert" name="test_convert_requires_won" time="0.051" /><testcase classname="backend.tests.test_phase_b_sales.TestEnquiryConvert" name="test_convert_won_creates_order_and_project" time="0.102" /><testcase classname="backend.tests.test_phase_b_sales.TestEnquiryConvert" name="test_double_convert_returns_409" time="0.064" /><testcase classname="backend.tests.test_phase_b_sales.TestOrders" name="test_list_orders_includes_converted" time="0.049" /><testcase classname="backend.tests.test_phase_b_sales.TestQuotationRevisions" name="test_create_quotation_then_revise" time="0.150" /><testcase classname="backend.tests.test_phase_b_sales.TestQuotationRevisions" name="test_list_revisions_sorted_asc" time="0.051" /><testcase classname="backend.tests.test_phase_b_sales.TestQuotationRevisions" name="test_revise_unknown_id_404" time="0.046" /><testcase classname="backend.tests.test_phase_cdef.TestPhaseCStore" name="test_inward_increases_qty_and_returns_balance" time="0.522" /><testcase classname="backend.tests.test_phase_cdef.TestPhaseCStore" name="test_outward_above_threshold_creates_approval" time="0.188" /><testcase classname="backend.tests.test_phase_cdef.TestPhaseCStore" name="test_overdraft_returns_400" time="0.044" /><testcase classname="backend.tests.test_phase_cdef.TestPhaseCStore" name="test_scrap_below_threshold_decrements" time="0.140" /><testcase classname="backend.tests.test_phase_cdef.TestPhaseCStore" name="test_lookup_by_sku_and_barcode_and_id" time="0.189" /><testcase classname="backend.tests.test_phase_cdef.TestPhaseCStore" name="test_list_filters" time="0.047" /><testcase classname="backend.tests.test_phase_cdef.TestPhaseDSafety" name="test_crud_super_admin[ppe-issuance-payload0]" time="0.183" /><testcase classname="backend.tests.test_phase_cdef.TestPhaseDSafety" name="test_crud_super_admin[ptws-payload1]" time="0.257" /><testcase classname="backend.tests.test_phase_cdef.TestPhaseDSafety" name="test_crud_super_admin[safety-trainings-payload2]" time="0.221" /><testcase classname="backend.tests.test_phase_cdef.TestPhaseDSafety" name="test_crud_super_admin[toolbox-talks-payload3]" time="0.188" /><testcase classname="backend.tests.test_phase_cdef.TestPhaseDSafety" name="test_site_engineer_can_read_but_not_delete[ppe-issuance-payload0]" time="0.512" /><testcase classname="backend.tests.test_phase_cdef.TestPhaseDSafety" name="test_site_engineer_can_read_but_not_delete[ptws-payload1]" time="0.190" /><testcase classname="backend.tests.test_phase_cdef.TestPhaseDSafety" name="test_site_engineer_can_read_but_not_delete[safety-trainings-payload2]" time="0.185" /><testcase classname="backend.tests.test_phase_cdef.TestPhaseDSafety" name="test_site_engineer_can_read_but_not_delete[toolbox-talks-payload3]" time="0.189" /><testcase classname="backend.tests.test_phase_cdef" name="test_phase_e_admin_crud[recruitment-requests-payload0]" time="0.190" /><testcase classname="backend.tests.test_phase_cdef" name="test_phase_e_admin_crud[candidates-payload1]" time="0.235" /><testcase classname="backend.tests.test_phase_cdef" name="test_phase_e_admin_crud[deployments-payload2]" time="0.205" /><testcase classname="backend.tests.test_phase_cdef" name="test_phase_e_admin_crud[accommodations-payload3]" time="0.188" /><testcase classname="backend.tests.test_phase_cdef" name="test_phase_e_admin_crud[overtime-payload4]" time="0.186" /><testcase classname="backend.tests.test_phase_cdef" name="test_candidates_restricted_for_site_engineer" time="0.052" /><testcase classname="backend.tests.test_phase_cdef" name="test_recruitment_requests_readable_by_site_engineer" time="0.045" /><testcase classname="backend.tests.test_phase_cdef.TestPhaseFVendor" name="test_me_without_vendor_link_404" time="0.051" /><testcase classname="backend.tests.test_phase_cdef.TestPhaseFVendor" name="test_evaluation_rolling_average" time="0.274" /><testcase classname="backend.tests.test_phase_cdef.TestPhaseFVendor" name="test_evaluation_rbac_site_engineer_forbidden" time="0.137" /><testcase classname="backend.tests.test_phase_cdef.TestPhaseFVendor" name="test_invoice_submit_for_linked_admin_uses_vendor_id" time="0.045" /><testcase classname="backend.tests.test_phase_cdef" name="test_regression_auth_me" time="0.044" /><testcase classname="backend.tests.test_phase_cdef" name="test_regression_dashboard_summary" time="0.052" /><testcase classname="backend.tests.test_phase_cdef" name="test_regression_enquiries_list" time="0.044" /><testcase classname="backend.tests.test_phase_cdef" name="test_regression_orders_list" time="0.325" /></testsuite></testsuites>