<?xml version="1.0" encoding="utf-8"?><testsuites name="pytest tests"><testsuite name="pytest" errors="0" failures="0" skipped="0" tests="13" time="1.899" timestamp="2026-05-19T14:38:22.716887+00:00" hostname="agent-env-0b57986a-023a-42cd-8f4e-c698d6d250e7"><testcase classname="backend.tests.test_iteration15_phase4_allocation.TestShortages" name="test_shortages_shape" time="0.645" /><testcase classname="backend.tests.test_iteration15_phase4_allocation.TestCalendar" name="test_calendar_current" time="0.079" /><testcase classname="backend.tests.test_iteration15_phase4_allocation.TestCalendar" name="test_calendar_future_month" time="0.073" /><testcase classname="backend.tests.test_iteration15_phase4_allocation.TestScheduler" name="test_scheduler_includes_shortage_scan" time="0.090" /><testcase classname="backend.tests.test_iteration15_phase4_allocation.TestGeoAttendance" name="test_create_attendance_with_geo_persists" time="0.348" /><testcase classname="backend.tests.test_iteration15_phase4_allocation.TestPhase3Regression" name="test_endpoint_ok[/api/me/scope]" time="0.075" /><testcase classname="backend.tests.test_iteration15_phase4_allocation.TestPhase3Regression" name="test_endpoint_ok[/api/allocation/by-department]" time="0.071" /><testcase classname="backend.tests.test_iteration15_phase4_allocation.TestPhase3Regression" name="test_endpoint_ok[/api/allocation/by-project]" time="0.075" /><testcase classname="backend.tests.test_iteration15_phase4_allocation.TestPhase3Regression" name="test_endpoint_ok[/api/allocation/idle-employees]" time="0.070" /><testcase classname="backend.tests.test_iteration15_phase4_allocation.TestPhase3Regression" name="test_endpoint_ok[/api/allocation/resource-utilization]" time="0.073" /><testcase classname="backend.tests.test_iteration15_phase4_allocation.TestPhase3Regression" name="test_endpoint_ok[/api/allocation/site-attendance]" time="0.069" /><testcase classname="backend.tests.test_iteration15_phase4_allocation.TestPhase3Regression" name="test_endpoint_ok[/api/allocation/transfer-history]" time="0.071" /><testcase classname="backend.tests.test_iteration15_phase4_allocation.TestPhase3Regression" name="test_endpoint_ok[/api/allocation/history]" time="0.071" /></testsuite></testsuites>