<?xml version="1.0" encoding="utf-8"?><testsuites name="pytest tests"><testsuite name="pytest" errors="0" failures="0" skipped="0" tests="17" time="2.853" timestamp="2026-05-21T07:24:37.290911+00:00" hostname="agent-env-0b57986a-023a-42cd-8f4e-c698d6d250e7"><testcase classname="backend.tests.test_iteration20_procurement.TestPR" name="test_create_pr_draft" time="0.529" /><testcase classname="backend.tests.test_iteration20_procurement.TestPR" name="test_submit_draft" time="0.099" /><testcase classname="backend.tests.test_iteration20_procurement.TestPR" name="test_create_pr_submit_directly" time="0.101" /><testcase classname="backend.tests.test_iteration20_procurement.TestPR" name="test_approve_full_chain" time="0.291" /><testcase classname="backend.tests.test_iteration20_procurement.TestPR" name="test_reject_pr_chain" time="0.193" /><testcase classname="backend.tests.test_iteration20_procurement.TestPR" name="test_update_pr_blocked_after_approval" time="0.046" /><testcase classname="backend.tests.test_iteration20_procurement.TestPR" name="test_list_pr" time="0.046" /><testcase classname="backend.tests.test_iteration20_procurement.TestRFQ" name="test_create_rfq_requires_approved_pr" time="0.140" /><testcase classname="backend.tests.test_iteration20_procurement.TestRFQ" name="test_create_rfq_from_approved_pr" time="0.067" /><testcase classname="backend.tests.test_iteration20_procurement.TestRFQ" name="test_record_responses" time="0.096" /><testcase classname="backend.tests.test_iteration20_procurement.TestRFQ" name="test_comparative_sorted_by_landed" time="0.046" /><testcase classname="backend.tests.test_iteration20_procurement.TestRFQ" name="test_select_vendor_invalid" time="0.052" /><testcase classname="backend.tests.test_iteration20_procurement.TestRFQ" name="test_select_vendor_and_convert" time="0.191" /><testcase classname="backend.tests.test_iteration20_procurement.TestGRN" name="test_create_partial_grn" time="0.261" /><testcase classname="backend.tests.test_iteration20_procurement.TestGRN" name="test_delete_grn_reverses_inventory" time="0.148" /><testcase classname="backend.tests.test_iteration20_procurement.TestDashboardRBAC" name="test_dashboard_kpis" time="0.053" /><testcase classname="backend.tests.test_iteration20_procurement.TestDashboardRBAC" name="test_rbac_purchase_officer_can_read" time="0.391" /></testsuite></testsuites>