<?xml version="1.0" encoding="utf-8"?><testsuites name="pytest tests"><testsuite name="pytest" errors="0" failures="0" skipped="0" tests="24" time="3.719" timestamp="2026-05-27T11:19:24.286397+00:00" hostname="agent-env-0b57986a-023a-42cd-8f4e-c698d6d250e7"><testcase classname="backend.tests.test_iteration42_role_catalog.TestCatalogSeed" name="test_get_catalog_returns_all_builtins" time="0.405" /><testcase classname="backend.tests.test_iteration42_role_catalog.TestCatalogSeed" name="test_catalog_no_id_leakage_and_fields_complete" time="0.049" /><testcase classname="backend.tests.test_iteration42_role_catalog.TestCatalogSeed" name="test_catalog_sorted_by_sort_order" time="0.051" /><testcase classname="backend.tests.test_iteration42_role_catalog.TestCatalogSeed" name="test_user_count_populated_for_admin" time="0.052" /><testcase classname="backend.tests.test_iteration42_role_catalog.TestPostValidation" name="test_post_uppercase_key_behavior" time="0.097" /><testcase classname="backend.tests.test_iteration42_role_catalog.TestPostValidation" name="test_post_wildcard_key_rejected" time="0.046" /><testcase classname="backend.tests.test_iteration42_role_catalog.TestPostValidation" name="test_post_space_key_rejected" time="0.046" /><testcase classname="backend.tests.test_iteration42_role_catalog.TestPostValidation" name="test_post_missing_key_rejected" time="0.046" /><testcase classname="backend.tests.test_iteration42_role_catalog.TestPostValidation" name="test_post_missing_label_rejected" time="0.049" /><testcase classname="backend.tests.test_iteration42_role_catalog.TestPostValidation" name="test_post_duplicate_key_409" time="0.046" /><testcase classname="backend.tests.test_iteration42_role_catalog.TestRoleLifecycle" name="test_create_role_with_permissions_seeds_overrides" time="0.265" /><testcase classname="backend.tests.test_iteration42_role_catalog.TestRoleLifecycle" name="test_patch_label_and_description" time="0.098" /><testcase classname="backend.tests.test_iteration42_role_catalog.TestRoleLifecycle" name="test_patch_nonexistent_404" time="0.048" /><testcase classname="backend.tests.test_iteration42_role_catalog.TestRoleLifecycle" name="test_delete_super_admin_blocked" time="0.065" /><testcase classname="backend.tests.test_iteration42_role_catalog.TestRoleLifecycle" name="test_delete_role_with_users_409" time="0.099" /><testcase classname="backend.tests.test_iteration42_role_catalog.TestRoleLifecycle" name="test_delete_role_removes_from_overrides_and_role_register" time="0.302" /><testcase classname="backend.tests.test_iteration42_role_catalog.TestUserCRUDIntegration" name="test_create_user_with_custom_role" time="0.370" /><testcase classname="backend.tests.test_iteration42_role_catalog.TestUserCRUDIntegration" name="test_create_user_with_nonexistent_role_400" time="0.048" /><testcase classname="backend.tests.test_iteration42_role_catalog.TestUserCRUDIntegration" name="test_update_user_to_custom_role" time="0.461" /><testcase classname="backend.tests.test_iteration42_role_catalog.TestRoleRegisterPutIntegration" name="test_put_role_register_accepts_custom_key" time="0.161" /><testcase classname="backend.tests.test_iteration42_role_catalog.TestVendorRBAC" name="test_vendor_get_catalog_403" time="0.410" /><testcase classname="backend.tests.test_iteration42_role_catalog.TestVendorRBAC" name="test_vendor_post_catalog_403" time="0.047" /><testcase classname="backend.tests.test_iteration42_role_catalog.TestVendorRBAC" name="test_vendor_patch_catalog_403" time="0.048" /><testcase classname="backend.tests.test_iteration42_role_catalog.TestVendorRBAC" name="test_vendor_delete_catalog_403" time="0.301" /></testsuite></testsuites>