<?xml version="1.0" encoding="utf-8"?><testsuites name="pytest tests"><testsuite name="pytest" errors="0" failures="0" skipped="0" tests="26" time="3.094" timestamp="2026-05-21T08:14:35.631587+00:00" hostname="agent-env-0b57986a-023a-42cd-8f4e-c698d6d250e7"><testcase classname="backend.tests.test_phase_cd.TestImportTemplate" name="test_import_template_csv" time="0.559" /><testcase classname="backend.tests.test_phase_cd.TestBulkImport" name="test_import_success" time="0.052" /><testcase classname="backend.tests.test_phase_cd.TestBulkImport" name="test_reupload_bumps_updated" time="0.090" /><testcase classname="backend.tests.test_phase_cd.TestBulkImport" name="test_row_missing_name_continues" time="0.050" /><testcase classname="backend.tests.test_phase_cd.TestBulkImport" name="test_missing_required_header_returns_400" time="0.047" /><testcase classname="backend.tests.test_phase_cd.TestValuation" name="test_fifo" time="0.055" /><testcase classname="backend.tests.test_phase_cd.TestValuation" name="test_lifo" time="0.063" /><testcase classname="backend.tests.test_phase_cd.TestValuation" name="test_weighted_avg" time="0.058" /><testcase classname="backend.tests.test_phase_cd.TestValuation" name="test_bogus_method_400" time="0.047" /><testcase classname="backend.tests.test_phase_cd.TestIntelReports" name="test_aging" time="0.062" /><testcase classname="backend.tests.test_phase_cd.TestIntelReports" name="test_dead_stock" time="0.056" /><testcase classname="backend.tests.test_phase_cd.TestIntelReports" name="test_movers" time="0.053" /><testcase classname="backend.tests.test_phase_cd.TestIntelReports" name="test_idle" time="0.061" /><testcase classname="backend.tests.test_phase_cd.TestIntelReports" name="test_reorder_alerts" time="0.052" /><testcase classname="backend.tests.test_phase_cd.TestVendorPerf" name="test_leaderboard" time="0.052" /><testcase classname="backend.tests.test_phase_cd.TestVendorPerf" name="test_single_vendor" time="0.105" /><testcase classname="backend.tests.test_phase_cd.TestVendorPerf" name="test_single_vendor_404" time="0.048" /><testcase classname="backend.tests.test_phase_cd.TestBudgetsAndReservations" name="test_budgets" time="0.048" /><testcase classname="backend.tests.test_phase_cd.TestBudgetsAndReservations" name="test_reservations" time="0.047" /><testcase classname="backend.tests.test_phase_cd.TestAuditExplorer" name="test_admin_can_read" time="0.051" /><testcase classname="backend.tests.test_phase_cd.TestAuditExplorer" name="test_resource_filter" time="0.047" /><testcase classname="backend.tests.test_phase_cd.TestAuditExplorer" name="test_action_filter" time="0.049" /><testcase classname="backend.tests.test_phase_cd.TestAuditExplorer" name="test_user_id_filter" time="0.049" /><testcase classname="backend.tests.test_phase_cd.TestAuditExplorer" name="test_date_filter" time="0.046" /><testcase classname="backend.tests.test_phase_cd.TestAuditExplorer" name="test_purchase_officer_403" time="0.366" /><testcase classname="backend.tests.test_phase_cd.TestRfqSelectVendor" name="test_fresh_chain_select_vendor_status" time="0.774" /></testsuite></testsuites>