<?xml version="1.0" encoding="utf-8"?><testsuites name="pytest tests"><testsuite name="pytest" errors="0" failures="0" skipped="0" tests="35" time="6.787" timestamp="2026-05-14T09:00:43.679508+00:00" hostname="agent-env-0b57986a-023a-42cd-8f4e-c698d6d250e7"><testcase classname="backend.tests.test_erp_backend.TestAuth" name="test_login_success_sets_cookies" time="0.413" /><testcase classname="backend.tests.test_erp_backend.TestAuth" name="test_login_invalid_credentials" time="0.342" /><testcase classname="backend.tests.test_erp_backend.TestAuth" name="test_me_returns_user" time="0.375" /><testcase classname="backend.tests.test_erp_backend.TestAuth" name="test_unauthenticated_clients_returns_401" time="0.097" /><testcase classname="backend.tests.test_erp_backend.TestAuth" name="test_logout_clears_cookies" time="0.560" /><testcase classname="backend.tests.test_erp_backend.TestSampleData" name="test_seeded_counts[clients-4]" time="0.049" /><testcase classname="backend.tests.test_erp_backend.TestSampleData" name="test_seeded_counts[vendors-4]" time="0.047" /><testcase classname="backend.tests.test_erp_backend.TestSampleData" name="test_seeded_counts[employees-6]" time="0.046" /><testcase classname="backend.tests.test_erp_backend.TestSampleData" name="test_seeded_counts[projects-5]" time="0.047" /><testcase classname="backend.tests.test_erp_backend.TestSampleData" name="test_seeded_counts[inventory-7]" time="0.046" /><testcase classname="backend.tests.test_erp_backend.TestSampleData" name="test_seeded_counts[purchase-orders-4]" time="0.046" /><testcase classname="backend.tests.test_erp_backend.TestSampleData" name="test_seeded_counts[quotations-3]" time="0.049" /><testcase classname="backend.tests.test_erp_backend.TestSampleData" name="test_seeded_counts[journal-entries-12]" time="0.047" /><testcase classname="backend.tests.test_erp_backend.TestSampleData" name="test_seeded_counts[safety-reports-3]" time="0.046" /><testcase classname="backend.tests.test_erp_backend.TestSampleData" name="test_seeded_counts[assets-3]" time="0.048" /><testcase classname="backend.tests.test_erp_backend.TestSampleData" name="test_seeded_counts[payroll-6]" time="0.045" /><testcase classname="backend.tests.test_erp_backend.TestSampleData" name="test_seeded_counts[vehicles-3]" time="0.046" /><testcase classname="backend.tests.test_erp_backend.TestSampleData" name="test_seeded_counts[documents-3]" time="0.048" /><testcase classname="backend.tests.test_erp_backend.TestSampleData" name="test_seeded_counts[approvals-3]" time="0.045" /><testcase classname="backend.tests.test_erp_backend.TestDashboard" name="test_dashboard_summary_structure" time="0.050" /><testcase classname="backend.tests.test_erp_backend.TestCRUD" name="test_create_get_update_delete[clients]" time="0.281" /><testcase classname="backend.tests.test_erp_backend.TestCRUD" name="test_create_get_update_delete[vendors]" time="0.269" /><testcase classname="backend.tests.test_erp_backend.TestCRUD" name="test_create_get_update_delete[employees]" time="0.270" /><testcase classname="backend.tests.test_erp_backend.TestCRUD" name="test_create_get_update_delete[attendance]" time="0.317" /><testcase classname="backend.tests.test_erp_backend.TestCRUD" name="test_create_get_update_delete[projects]" time="0.277" /><testcase classname="backend.tests.test_erp_backend.TestCRUD" name="test_create_get_update_delete[inventory]" time="0.267" /><testcase classname="backend.tests.test_erp_backend.TestCRUD" name="test_create_get_update_delete[purchase-orders]" time="0.279" /><testcase classname="backend.tests.test_erp_backend.TestCRUD" name="test_create_get_update_delete[quotations]" time="0.306" /><testcase classname="backend.tests.test_erp_backend.TestCRUD" name="test_create_get_update_delete[journal-entries]" time="0.272" /><testcase classname="backend.tests.test_erp_backend.TestCRUD" name="test_create_get_update_delete[safety-reports]" time="0.281" /><testcase classname="backend.tests.test_erp_backend.TestCRUD" name="test_create_get_update_delete[assets]" time="0.282" /><testcase classname="backend.tests.test_erp_backend.TestCRUD" name="test_create_get_update_delete[payroll]" time="0.285" /><testcase classname="backend.tests.test_erp_backend.TestCRUD" name="test_create_get_update_delete[vehicles]" time="0.273" /><testcase classname="backend.tests.test_erp_backend.TestCRUD" name="test_create_get_update_delete[documents]" time="0.278" /><testcase classname="backend.tests.test_erp_backend.TestCRUD" name="test_create_get_update_delete[approvals]" time="0.273" /></testsuite></testsuites>