<?xml version="1.0" encoding="utf-8"?><testsuites name="pytest tests"><testsuite name="pytest" errors="0" failures="2" skipped="0" tests="20" time="5.666" timestamp="2026-05-21T12:10:46.077085+00:00" hostname="agent-env-0b57986a-023a-42cd-8f4e-c698d6d250e7"><testcase classname="backend.tests.test_quotation_builder.TestPresets" name="test_presets_payload" time="0.545" /><testcase classname="backend.tests.test_quotation_builder.TestConditions" name="test_seeded_conditions_count" time="0.062" /><testcase classname="backend.tests.test_quotation_builder.TestConditions" name="test_filter_category_service" time="0.056" /><testcase classname="backend.tests.test_quotation_builder.TestConditions" name="test_condition_crud_admin" time="0.176" /><testcase classname="backend.tests.test_quotation_builder.TestConditions" name="test_sales_cannot_delete_condition" time="0.518" /><testcase classname="backend.tests.test_quotation_builder.TestCompanyProfile" name="test_get_company_profile" time="0.058" /><testcase classname="backend.tests.test_quotation_builder.TestCompanyProfile" name="test_update_company_profile" time="0.229" /><testcase classname="backend.tests.test_quotation_builder.TestCompanyProfile" name="test_sales_cannot_write_company_profile" time="0.126" /><testcase classname="backend.tests.test_quotation_builder.TestQuotation" name="test_create_returns_quote_number" time="0.054" /><testcase classname="backend.tests.test_quotation_builder.TestQuotation" name="test_get_full_quotation" time="0.057" /><testcase classname="backend.tests.test_quotation_builder.TestQuotation" name="test_update_recalcs" time="0.094" /><testcase classname="backend.tests.test_quotation_builder.TestQuotation" name="test_recalc_intra_vs_inter" time="0.252" /><testcase classname="backend.tests.test_quotation_builder.TestQuotation" name="test_tax_mode_locked_honored" time="0.115" /><testcase classname="backend.tests.test_quotation_builder.TestQuotation" name="test_preview_endpoint" time="0.049" /><testcase classname="backend.tests.test_quotation_builder.TestQuotation" name="test_pdf_endpoint" time="0.069" /><testcase classname="backend.tests.test_quotation_builder.TestWorkflow" name="test_submit_for_approval" time="0.105" /><testcase classname="backend.tests.test_quotation_builder.TestWorkflow" name="test_send_to_client" time="0.255" /><testcase classname="backend.tests.test_quotation_builder.TestWorkflow" name="test_status_change_won" time="0.104" /><testcase classname="backend.tests.test_quotation_builder.TestAI" name="test_suggest_items" time="2.435"><failure message="AssertionError: {&quot;detail&quot;:&quot;AI suggestion failed: Failed to generate chat completion: litellm.BadRequestError: OpenAIException - Budget has been exceeded! Current cost: 0.43628314999999984, Max budget: 0.401&quot;}&#10;assert 502 == 200&#10; +  where 502 = &lt;Response [502]&gt;.status_code">backend/tests/test_quotation_builder.py:307: in test_suggest_items
    assert r.status_code == 200, r.text
E   AssertionError: {"detail":"AI suggestion failed: Failed to generate chat completion: litellm.BadRequestError: OpenAIException - Budget has been exceeded! Current cost: 0.43628314999999984, Max budget: 0.401"}
E   assert 502 == 200
E    +  where 502 = &lt;Response [502]&gt;.status_code</failure></testcase><testcase classname="backend.tests.test_quotation_builder.TestAI" name="test_extract_rfq_text" time="0.174"><failure message="AssertionError: 502 {&quot;detail&quot;:&quot;AI extraction failed: Failed to generate chat completion: litellm.BadRequestError: OpenAIException - Budget has been exceeded! Current cost: 0.43628314999999984, Max budget: 0.401&quot;}&#10;assert 502 == 200&#10; +  where 502 = &lt;Response [502]&gt;.status_code">backend/tests/test_quotation_builder.py:336: in test_extract_rfq_text
    assert r.status_code == 200, f"{r.status_code} {r.text[:500]}"
E   AssertionError: 502 {"detail":"AI extraction failed: Failed to generate chat completion: litellm.BadRequestError: OpenAIException - Budget has been exceeded! Current cost: 0.43628314999999984, Max budget: 0.401"}
E   assert 502 == 200
E    +  where 502 = &lt;Response [502]&gt;.status_code</failure></testcase></testsuite></testsuites>