<?xml version="1.0" encoding="utf-8"?><testsuites name="pytest tests"><testsuite name="pytest" errors="0" failures="3" skipped="0" tests="19" time="46.013" timestamp="2026-05-21T11:58:27.146050+00:00" hostname="agent-env-0b57986a-023a-42cd-8f4e-c698d6d250e7"><testcase classname="backend.tests.test_quotation_builder.TestPresets" name="test_presets_payload" time="0.526" /><testcase classname="backend.tests.test_quotation_builder.TestConditions" name="test_seeded_conditions_count" time="0.050" /><testcase classname="backend.tests.test_quotation_builder.TestConditions" name="test_filter_category_service" time="0.045" /><testcase classname="backend.tests.test_quotation_builder.TestConditions" name="test_condition_crud_admin" time="0.135" /><testcase classname="backend.tests.test_quotation_builder.TestConditions" name="test_sales_cannot_delete_condition" time="0.475" /><testcase classname="backend.tests.test_quotation_builder.TestCompanyProfile" name="test_get_company_profile" time="0.045" /><testcase classname="backend.tests.test_quotation_builder.TestCompanyProfile" name="test_update_company_profile" time="0.089"><failure message="AssertionError: Internal Server Error&#10;assert 500 == 200&#10; +  where 500 = &lt;Response [500]&gt;.status_code">backend/tests/test_quotation_builder.py:165: in test_update_company_profile
    assert r.status_code == 200, r.text
E   AssertionError: Internal Server Error
E   assert 500 == 200
E    +  where 500 = &lt;Response [500]&gt;.status_code</failure></testcase><testcase classname="backend.tests.test_quotation_builder.TestCompanyProfile" name="test_sales_cannot_write_company_profile" time="0.091"><failure message="AssertionError: sales should not write company profile, got 500&#10;assert 500 in (401, 403)&#10; +  where 500 = &lt;Response [500]&gt;.status_code">backend/tests/test_quotation_builder.py:181: in test_sales_cannot_write_company_profile
    assert r.status_code in (401, 403), f"sales should not write company profile, got {r.status_code}"
E   AssertionError: sales should not write company profile, got 500
E   assert 500 in (401, 403)
E    +  where 500 = &lt;Response [500]&gt;.status_code</failure></testcase><testcase classname="backend.tests.test_quotation_builder.TestQuotation" name="test_create_returns_quote_number" time="0.046" /><testcase classname="backend.tests.test_quotation_builder.TestQuotation" name="test_get_full_quotation" time="0.053" /><testcase classname="backend.tests.test_quotation_builder.TestQuotation" name="test_update_recalcs" time="0.046" /><testcase classname="backend.tests.test_quotation_builder.TestQuotation" name="test_recalc_intra_vs_inter" time="0.136"><failure message="AssertionError: {'tax_mode': 'intra', 'totals': {'basic': 151000.0, 'cgst': 13477.5, 'discount': 1250.0, 'grand_total': 176705.0, ...}}&#10;assert 'intra' == 'inter'&#10;  &#10;  - inter&#10;  ?    -&#10;  + intra&#10;  ?     +">backend/tests/test_quotation_builder.py:227: in test_recalc_intra_vs_inter
    assert d3["tax_mode"] == "inter", d3
E   AssertionError: {'tax_mode': 'intra', 'totals': {'basic': 151000.0, 'cgst': 13477.5, 'discount': 1250.0, 'grand_total': 176705.0, ...}}
E   assert 'intra' == 'inter'
E     
E     - inter
E     ?    -
E     + intra
E     ?     +</failure></testcase><testcase classname="backend.tests.test_quotation_builder.TestQuotation" name="test_preview_endpoint" time="0.045" /><testcase classname="backend.tests.test_quotation_builder.TestQuotation" name="test_pdf_endpoint" time="0.062" /><testcase classname="backend.tests.test_quotation_builder.TestWorkflow" name="test_submit_for_approval" time="0.096" /><testcase classname="backend.tests.test_quotation_builder.TestWorkflow" name="test_send_to_client" time="0.296" /><testcase classname="backend.tests.test_quotation_builder.TestWorkflow" name="test_status_change_won" time="0.088" /><testcase classname="backend.tests.test_quotation_builder.TestAI" name="test_suggest_items" time="29.018" /><testcase classname="backend.tests.test_quotation_builder.TestAI" name="test_extract_rfq_text" time="14.545" /></testsuite></testsuites>